[2021-12-01T09:26:58+08:00][error] [8]未定义数组索引: publickey[D:\Web\www.jinx.com\app\api\controller\Index.php:30]
[2021-12-01T10:09:52+08:00][error] [8]未定义变量: file[D:\Web\www.jinx.com\app\common\lib\SSL.php:143]
[2021-12-01T10:13:10+08:00][error] [0]Too few arguments to function app\common\lib\SSL::verify(), 1 passed in D:\Web\www.jinx.com\app\api\controller\Index.php on line 52 and at least 2 expected[D:\Web\www.jinx.com\app\common\lib\SSL.php:70]
[2021-12-01T10:47:07+08:00][error] [8]未定义变量: data[D:\Web\www.jinx.com\app\api\controller\Index.php:34]
[2021-12-01T11:17:01+08:00][error] [0]Class 'app\api\controller\U' not found[D:\Web\www.jinx.com\app\api\controller\Index.php:53]
[2021-12-01T11:17:23+08:00][sql] CONNECT:[ UseTime:0.009707s ] mysql:host=127.0.0.1;port=3306;dbname=www_jinx_com;charset=utf8
[2021-12-01T11:17:23+08:00][sql] SHOW FULL COLUMNS FROM `user` [ RunTime:0.005892s ]
[2021-12-01T11:17:23+08:00][sql] SELECT * FROM `user` WHERE  ( `email` = '15119498976' OR `phone` = '15119498976' ) LIMIT 1 [ RunTime:0.000534s ]
[2021-12-01T11:17:23+08:00][error] [2]Use of undefined constant user - assumed 'user' (this will throw an Error in a future version of PHP)[D:\Web\www.jinx.com\app\api\controller\Index.php:59]
[2021-12-01T11:18:27+08:00][sql] CONNECT:[ UseTime:0.000589s ] mysql:host=127.0.0.1;port=3306;dbname=www_jinx_com;charset=utf8
[2021-12-01T11:18:27+08:00][sql] SHOW FULL COLUMNS FROM `user` [ RunTime:0.000873s ]
[2021-12-01T11:18:27+08:00][sql] SELECT * FROM `user` WHERE  ( `email` = '15119498976' OR `phone` = '15119498976' ) LIMIT 1 [ RunTime:0.000267s ]
[2021-12-01T11:19:09+08:00][sql] CONNECT:[ UseTime:0.000554s ] mysql:host=127.0.0.1;port=3306;dbname=www_jinx_com;charset=utf8
[2021-12-01T11:19:09+08:00][sql] SHOW FULL COLUMNS FROM `user` [ RunTime:0.000809s ]
[2021-12-01T11:19:09+08:00][sql] SELECT * FROM `user` WHERE  ( `email` = '15119498976' OR `phone` = '15119498976' ) LIMIT 1 [ RunTime:0.000548s ]
[2021-12-01T11:19:23+08:00][sql] CONNECT:[ UseTime:0.000583s ] mysql:host=127.0.0.1;port=3306;dbname=www_jinx_com;charset=utf8
[2021-12-01T11:19:23+08:00][sql] SHOW FULL COLUMNS FROM `user` [ RunTime:0.000770s ]
[2021-12-01T11:19:23+08:00][sql] SELECT * FROM `user` WHERE  ( `email` = '15119498976' OR `phone` = '15119498976' ) LIMIT 1 [ RunTime:0.000239s ]
[2021-12-01T11:20:50+08:00][sql] CONNECT:[ UseTime:0.000744s ] mysql:host=127.0.0.1;port=3306;dbname=www_jinx_com;charset=utf8
[2021-12-01T11:20:50+08:00][sql] SHOW FULL COLUMNS FROM `user` [ RunTime:0.000733s ]
[2021-12-01T11:20:50+08:00][sql] SELECT * FROM `user` WHERE  ( `email` = '15119498976' OR `phone` = '15119498976' ) LIMIT 1 [ RunTime:0.000222s ]
[2021-12-01T11:21:03+08:00][sql] CONNECT:[ UseTime:0.000451s ] mysql:host=127.0.0.1;port=3306;dbname=www_jinx_com;charset=utf8
[2021-12-01T11:21:03+08:00][sql] SHOW FULL COLUMNS FROM `user` [ RunTime:0.000713s ]
[2021-12-01T11:21:03+08:00][sql] SELECT * FROM `user` WHERE  ( `email` = '15119498976' OR `phone` = '15119498976' ) LIMIT 1 [ RunTime:0.000230s ]
[2021-12-01T11:22:54+08:00][error] [2]openssl_verify(): supplied key param cannot be coerced into a public key[D:\Web\www.jinx.com\app\common\lib\SSL.php:75]
[2021-12-01T11:22:54+08:00][error] [0]Malformed UTF-8 characters, possibly incorrectly encoded[D:\Web\www.jinx.com\vendor\topthink\framework\src\think\response\Json.php:50]
[2021-12-01T11:23:16+08:00][sql] CONNECT:[ UseTime:0.000613s ] mysql:host=127.0.0.1;port=3306;dbname=www_jinx_com;charset=utf8
[2021-12-01T11:23:16+08:00][sql] SHOW FULL COLUMNS FROM `user` [ RunTime:0.000734s ]
[2021-12-01T11:23:16+08:00][sql] SELECT * FROM `user` WHERE  ( `email` = '15119498976' OR `phone` = '15119498976' ) LIMIT 1 [ RunTime:0.000258s ]
[2021-12-01T11:23:45+08:00][error] [2]openssl_verify(): supplied key param cannot be coerced into a public key[D:\Web\www.jinx.com\app\common\lib\SSL.php:75]
[2021-12-01T11:23:45+08:00][error] [0]Malformed UTF-8 characters, possibly incorrectly encoded[D:\Web\www.jinx.com\vendor\topthink\framework\src\think\response\Json.php:50]
[2021-12-01T11:26:27+08:00][sql] CONNECT:[ UseTime:0.000588s ] mysql:host=127.0.0.1;port=3306;dbname=www_jinx_com;charset=utf8
[2021-12-01T11:26:27+08:00][sql] SHOW FULL COLUMNS FROM `user` [ RunTime:0.000721s ]
[2021-12-01T11:26:27+08:00][sql] SELECT * FROM `user` WHERE  ( `email` = '15119498976' OR `phone` = '15119498976' ) LIMIT 1 [ RunTime:0.000250s ]
[2021-12-01T11:26:43+08:00][sql] CONNECT:[ UseTime:0.000638s ] mysql:host=127.0.0.1;port=3306;dbname=www_jinx_com;charset=utf8
[2021-12-01T11:26:43+08:00][sql] SHOW FULL COLUMNS FROM `user` [ RunTime:0.000731s ]
[2021-12-01T11:26:43+08:00][sql] SELECT * FROM `user` WHERE  ( `email` = '15119498976' OR `phone` = '15119498976' ) LIMIT 1 [ RunTime:0.000258s ]
[2021-12-01T11:31:23+08:00][error] [0]Undefined class constant 'OPENSSL_PKCS1_PADDING'[D:\Web\www.jinx.com\app\api\controller\Index.php:79]
[2021-12-01T11:33:54+08:00][error] [1024]Decryption error[D:\Web\www.jinx.com\vendor\phpseclib\phpseclib\phpseclib\Crypt\RSA.php:2588]
[2021-12-01T11:33:54+08:00][error] [0]Malformed UTF-8 characters, possibly incorrectly encoded[D:\Web\www.jinx.com\vendor\topthink\framework\src\think\response\Json.php:50]
[2021-12-01T11:35:32+08:00][error] [1024]Decryption error[D:\Web\www.jinx.com\vendor\phpseclib\phpseclib\phpseclib\Crypt\RSA.php:2588]
[2021-12-01T11:35:32+08:00][error] [0]Malformed UTF-8 characters, possibly incorrectly encoded[D:\Web\www.jinx.com\vendor\topthink\framework\src\think\response\Json.php:50]
[2021-12-01T11:41:41+08:00][error] [1024]Decryption error[D:\Web\www.jinx.com\vendor\phpseclib\phpseclib\phpseclib\Crypt\RSA.php:2588]
[2021-12-01T11:41:41+08:00][error] [0]Malformed UTF-8 characters, possibly incorrectly encoded[D:\Web\www.jinx.com\vendor\topthink\framework\src\think\response\Json.php:50]
[2021-12-01T11:45:41+08:00][sql] CONNECT:[ UseTime:0.000663s ] mysql:host=127.0.0.1;port=3306;dbname=www_jinx_com;charset=utf8
[2021-12-01T11:45:41+08:00][sql] SHOW FULL COLUMNS FROM `user` [ RunTime:0.001201s ]
[2021-12-01T11:45:41+08:00][sql] SELECT * FROM `user` WHERE  ( `email` = '15119498976' OR `phone` = '15119498976' ) LIMIT 1 [ RunTime:0.001539s ]
[2021-12-01T14:23:42+08:00][error] [1024]Decryption error[D:\Web\www.jinx.com\vendor\phpseclib\phpseclib\phpseclib\Crypt\RSA.php:2588]
[2021-12-01T14:23:42+08:00][error] [0]Malformed UTF-8 characters, possibly incorrectly encoded[D:\Web\www.jinx.com\vendor\topthink\framework\src\think\response\Json.php:50]
[2021-12-01T14:26:47+08:00][error] [1024]Decryption error[D:\Web\www.jinx.com\vendor\phpseclib\phpseclib\phpseclib\Crypt\RSA.php:2588]
[2021-12-01T14:26:47+08:00][error] [0]Malformed UTF-8 characters, possibly incorrectly encoded[D:\Web\www.jinx.com\vendor\topthink\framework\src\think\response\Json.php:50]
[2021-12-01T14:27:37+08:00][error] [1024]Decryption error[D:\Web\www.jinx.com\vendor\phpseclib\phpseclib\phpseclib\Crypt\RSA.php:2588]
[2021-12-01T14:27:37+08:00][error] [0]Malformed UTF-8 characters, possibly incorrectly encoded[D:\Web\www.jinx.com\vendor\topthink\framework\src\think\response\Json.php:50]
[2021-12-01T14:37:41+08:00][error] [1024]Decryption error[D:\Web\www.jinx.com\vendor\phpseclib\phpseclib\phpseclib\Crypt\RSA.php:2588]
[2021-12-01T14:37:41+08:00][error] [0]Malformed UTF-8 characters, possibly incorrectly encoded[D:\Web\www.jinx.com\vendor\topthink\framework\src\think\response\Json.php:50]
[2021-12-01T14:47:10+08:00][error] [1024]Decryption error[D:\Web\www.jinx.com\vendor\phpseclib\phpseclib\phpseclib\Crypt\RSA.php:2588]
[2021-12-01T14:47:10+08:00][error] [0]Malformed UTF-8 characters, possibly incorrectly encoded[D:\Web\www.jinx.com\vendor\topthink\framework\src\think\response\Json.php:50]
[2021-12-01T14:47:38+08:00][error] [1024]Decryption error[D:\Web\www.jinx.com\vendor\phpseclib\phpseclib\phpseclib\Crypt\RSA.php:2588]
[2021-12-01T14:47:38+08:00][error] [0]Malformed UTF-8 characters, possibly incorrectly encoded[D:\Web\www.jinx.com\vendor\topthink\framework\src\think\response\Json.php:50]
[2021-12-01T14:47:59+08:00][error] [1024]Decryption error[D:\Web\www.jinx.com\vendor\phpseclib\phpseclib\phpseclib\Crypt\RSA.php:2588]
[2021-12-01T14:47:59+08:00][error] [0]Malformed UTF-8 characters, possibly incorrectly encoded[D:\Web\www.jinx.com\vendor\topthink\framework\src\think\response\Json.php:50]
[2021-12-01T14:50:56+08:00][error] [1024]Decryption error[D:\Web\www.jinx.com\vendor\phpseclib\phpseclib\phpseclib\Crypt\RSA.php:2588]
[2021-12-01T14:50:56+08:00][error] [0]Malformed UTF-8 characters, possibly incorrectly encoded[D:\Web\www.jinx.com\vendor\topthink\framework\src\think\response\Json.php:50]
[2021-12-01T14:51:26+08:00][error] [1024]Decryption error[D:\Web\www.jinx.com\vendor\phpseclib\phpseclib\phpseclib\Crypt\RSA.php:2588]
[2021-12-01T14:51:26+08:00][error] [0]Malformed UTF-8 characters, possibly incorrectly encoded[D:\Web\www.jinx.com\vendor\topthink\framework\src\think\response\Json.php:50]
[2021-12-01T14:52:32+08:00][error] [1024]Decryption error[D:\Web\www.jinx.com\vendor\phpseclib\phpseclib\phpseclib\Crypt\RSA.php:2588]
[2021-12-01T14:52:32+08:00][error] [0]Malformed UTF-8 characters, possibly incorrectly encoded[D:\Web\www.jinx.com\vendor\topthink\framework\src\think\response\Json.php:50]
[2021-12-01T14:52:41+08:00][error] [1024]Decryption error[D:\Web\www.jinx.com\vendor\phpseclib\phpseclib\phpseclib\Crypt\RSA.php:2588]
[2021-12-01T14:52:41+08:00][error] [0]Malformed UTF-8 characters, possibly incorrectly encoded[D:\Web\www.jinx.com\vendor\topthink\framework\src\think\response\Json.php:50]
[2021-12-01T14:53:24+08:00][error] [1024]Decryption error[D:\Web\www.jinx.com\vendor\phpseclib\phpseclib\phpseclib\Crypt\RSA.php:2588]
[2021-12-01T14:53:24+08:00][error] [0]Malformed UTF-8 characters, possibly incorrectly encoded[D:\Web\www.jinx.com\vendor\topthink\framework\src\think\response\Json.php:50]
[2021-12-01T14:54:13+08:00][error] [1024]Decryption error[D:\Web\www.jinx.com\vendor\phpseclib\phpseclib\phpseclib\Crypt\RSA.php:2588]
[2021-12-01T14:54:13+08:00][error] [0]Malformed UTF-8 characters, possibly incorrectly encoded[D:\Web\www.jinx.com\vendor\topthink\framework\src\think\response\Json.php:50]
[2021-12-01T14:54:25+08:00][error] [1024]Decryption error[D:\Web\www.jinx.com\vendor\phpseclib\phpseclib\phpseclib\Crypt\RSA.php:2588]
[2021-12-01T14:54:25+08:00][error] [0]Malformed UTF-8 characters, possibly incorrectly encoded[D:\Web\www.jinx.com\vendor\topthink\framework\src\think\response\Json.php:50]
[2021-12-01T14:56:57+08:00][error] [0]Malformed UTF-8 characters, possibly incorrectly encoded[D:\Web\www.jinx.com\vendor\topthink\framework\src\think\response\Json.php:50]
[2021-12-01T14:57:29+08:00][error] [0]Malformed UTF-8 characters, possibly incorrectly encoded[D:\Web\www.jinx.com\vendor\topthink\framework\src\think\response\Json.php:50]
[2021-12-01T14:58:40+08:00][error] [0]Malformed UTF-8 characters, possibly incorrectly encoded[D:\Web\www.jinx.com\vendor\topthink\framework\src\think\response\Json.php:50]
[2021-12-01T14:59:10+08:00][error] [0]Malformed UTF-8 characters, possibly incorrectly encoded[D:\Web\www.jinx.com\vendor\topthink\framework\src\think\response\Json.php:50]
[2021-12-01T14:59:17+08:00][error] [8]未定义变量: params[D:\Web\www.jinx.com\app\api\controller\Index.php:124]
[2021-12-01T14:59:17+08:00][error] [0]Malformed UTF-8 characters, possibly incorrectly encoded[D:\Web\www.jinx.com\vendor\topthink\framework\src\think\response\Json.php:50]
[2021-12-01T14:59:32+08:00][error] [8]未定义变量: params[D:\Web\www.jinx.com\app\api\controller\Index.php:124]
[2021-12-01T14:59:32+08:00][error] [0]Malformed UTF-8 characters, possibly incorrectly encoded[D:\Web\www.jinx.com\vendor\topthink\framework\src\think\response\Json.php:50]
[2021-12-01T15:02:27+08:00][error] [0]Malformed UTF-8 characters, possibly incorrectly encoded[D:\Web\www.jinx.com\vendor\topthink\framework\src\think\response\Json.php:50]
[2021-12-01T15:02:33+08:00][error] [0]Malformed UTF-8 characters, possibly incorrectly encoded[D:\Web\www.jinx.com\vendor\topthink\framework\src\think\response\Json.php:50]
[2021-12-01T15:05:26+08:00][error] [1024]Decryption error[D:\Web\www.jinx.com\vendor\phpseclib\phpseclib\phpseclib\Crypt\RSA.php:2588]
[2021-12-01T15:05:26+08:00][error] [0]Malformed UTF-8 characters, possibly incorrectly encoded[D:\Web\www.jinx.com\vendor\topthink\framework\src\think\response\Json.php:50]
[2021-12-01T15:08:35+08:00][error] [0]Call to undefined method phpseclib\Crypt\RSA::localKey()[D:\Web\www.jinx.com\app\api\controller\Index.php:115]
[2021-12-01T15:08:54+08:00][error] [1024]Invalid signature[D:\Web\www.jinx.com\vendor\phpseclib\phpseclib\phpseclib\Crypt\RSA.php:2846]
[2021-12-01T15:09:12+08:00][error] [1024]Invalid signature[D:\Web\www.jinx.com\vendor\phpseclib\phpseclib\phpseclib\Crypt\RSA.php:2846]
[2021-12-01T15:09:54+08:00][error] [1024]Invalid signature[D:\Web\www.jinx.com\vendor\phpseclib\phpseclib\phpseclib\Crypt\RSA.php:2846]
[2021-12-01T15:21:00+08:00][error] [0]Malformed UTF-8 characters, possibly incorrectly encoded[D:\Web\www.jinx.com\vendor\topthink\framework\src\think\response\Json.php:50]
[2021-12-01T15:27:03+08:00][error] [1024]Invalid signature[D:\Web\www.jinx.com\vendor\phpseclib\phpseclib\phpseclib\Crypt\RSA.php:2846]
[2021-12-01T15:29:23+08:00][error] [1024]Invalid signature[D:\Web\www.jinx.com\vendor\phpseclib\phpseclib\phpseclib\Crypt\RSA.php:2846]
[2021-12-01T15:37:32+08:00][error] [8]未定义数组索引: privatekey[D:\Web\www.jinx.com\app\api\controller\Index.php:72]
[2021-12-01T15:37:52+08:00][error] [2]openssl_verify(): supplied key param cannot be coerced into a public key[D:\Web\www.jinx.com\app\common\lib\SSL.php:75]
[2021-12-01T15:44:13+08:00][error] [2]openssl_verify(): supplied key param cannot be coerced into a public key[D:\Web\www.jinx.com\app\common\lib\SSL.php:75]
[2021-12-01T15:46:07+08:00][error] [2]openssl_verify(): supplied key param cannot be coerced into a public key[D:\Web\www.jinx.com\app\common\lib\SSL.php:75]
[2021-12-01T15:46:14+08:00][error] [2]openssl_verify(): supplied key param cannot be coerced into a public key[D:\Web\www.jinx.com\app\common\lib\SSL.php:75]
[2021-12-01T16:12:33+08:00][sql] CONNECT:[ UseTime:0.003049s ] mysql:host=127.0.0.1;port=3306;dbname=www_jinx_com;charset=utf8
[2021-12-01T16:12:33+08:00][sql] SHOW FULL COLUMNS FROM `user` [ RunTime:0.002164s ]
[2021-12-01T16:12:33+08:00][sql] SELECT * FROM `user` WHERE  ( `email` = '15119498976' OR `phone` = '15119498976' ) LIMIT 1 [ RunTime:0.000551s ]
[2021-12-01T16:26:10+08:00][error] [2]openssl_private_decrypt(): key parameter is not a valid private key[D:\Web\www.jinx.com\app\common\lib\SSL.php:125]
[2021-12-01T16:26:10+08:00][error] [0]Malformed UTF-8 characters, possibly incorrectly encoded[D:\Web\www.jinx.com\vendor\topthink\framework\src\think\response\Json.php:50]
[2021-12-01T16:26:15+08:00][sql] CONNECT:[ UseTime:0.004218s ] mysql:host=127.0.0.1;port=3306;dbname=www_jinx_com;charset=utf8
[2021-12-01T16:26:15+08:00][sql] SHOW FULL COLUMNS FROM `user` [ RunTime:0.001630s ]
[2021-12-01T16:26:15+08:00][sql] SELECT * FROM `user` WHERE  ( `email` = '15119498976' OR `phone` = '15119498976' ) LIMIT 1 [ RunTime:0.000605s ]
[2021-12-01T16:26:15+08:00][error] [2]openssl_public_encrypt(): key parameter is not a valid public key[D:\Web\www.jinx.com\app\common\lib\SSL.php:101]
[2021-12-01T16:27:08+08:00][sql] CONNECT:[ UseTime:0.000511s ] mysql:host=127.0.0.1;port=3306;dbname=www_jinx_com;charset=utf8
[2021-12-01T16:27:08+08:00][sql] SHOW FULL COLUMNS FROM `user` [ RunTime:0.000832s ]
[2021-12-01T16:27:08+08:00][sql] SELECT * FROM `user` WHERE  ( `email` = '15119498976' OR `phone` = '15119498976' ) LIMIT 1 [ RunTime:0.000255s ]
[2021-12-01T16:27:41+08:00][error] [2]openssl_private_decrypt(): key parameter is not a valid private key[D:\Web\www.jinx.com\app\common\lib\SSL.php:125]
[2021-12-01T16:27:41+08:00][error] [0]Malformed UTF-8 characters, possibly incorrectly encoded[D:\Web\www.jinx.com\vendor\topthink\framework\src\think\response\Json.php:50]
[2021-12-01T16:27:45+08:00][sql] CONNECT:[ UseTime:0.000567s ] mysql:host=127.0.0.1;port=3306;dbname=www_jinx_com;charset=utf8
[2021-12-01T16:27:45+08:00][sql] SHOW FULL COLUMNS FROM `user` [ RunTime:0.001188s ]
[2021-12-01T16:27:45+08:00][sql] SELECT * FROM `user` WHERE  ( `email` = '15119498976' OR `phone` = '15119498976' ) LIMIT 1 [ RunTime:0.000243s ]
[2021-12-01T16:28:08+08:00][sql] CONNECT:[ UseTime:0.000516s ] mysql:host=127.0.0.1;port=3306;dbname=www_jinx_com;charset=utf8
[2021-12-01T16:28:08+08:00][sql] SHOW FULL COLUMNS FROM `user` [ RunTime:0.000649s ]
[2021-12-01T16:28:08+08:00][sql] SELECT * FROM `user` WHERE  ( `email` = '15119498976' OR `phone` = '15119498976' ) LIMIT 1 [ RunTime:0.000228s ]
[2021-12-01T16:29:27+08:00][error] [1024]Decryption error[D:\Web\www.jinx.com\vendor\phpseclib\phpseclib\phpseclib\Crypt\RSA.php:2588]
[2021-12-01T16:29:27+08:00][error] [0]Malformed UTF-8 characters, possibly incorrectly encoded[D:\Web\www.jinx.com\vendor\topthink\framework\src\think\response\Json.php:50]
[2021-12-01T16:29:46+08:00][error] [1024]Decryption error[D:\Web\www.jinx.com\vendor\phpseclib\phpseclib\phpseclib\Crypt\RSA.php:2588]
[2021-12-01T16:29:46+08:00][error] [0]Malformed UTF-8 characters, possibly incorrectly encoded[D:\Web\www.jinx.com\vendor\topthink\framework\src\think\response\Json.php:50]
[2021-12-01T16:35:06+08:00][error] [8]未定义数组索引: privatekey[D:\Web\www.jinx.com\app\api\controller\Index.php:27]
[2021-12-01T16:37:20+08:00][error] [8]未定义数组索引: privatekey[D:\Web\www.jinx.com\app\api\controller\Index.php:27]
[2021-12-01T16:38:20+08:00][error] [8]未定义数组索引: privatekey[D:\Web\www.jinx.com\app\api\controller\Index.php:27]
[2021-12-01T16:41:34+08:00][error] [8]未定义数组索引: privatekey[D:\Web\www.jinx.com\app\api\controller\Index.php:27]
[2021-12-01T16:45:04+08:00][sql] CONNECT:[ UseTime:0.000642s ] mysql:host=127.0.0.1;port=3306;dbname=www_jinx_com;charset=utf8
[2021-12-01T16:45:04+08:00][sql] SHOW FULL COLUMNS FROM `user` [ RunTime:0.000813s ]
[2021-12-01T16:45:04+08:00][sql] SELECT * FROM `user` WHERE  ( `email` = '15119498976' OR `phone` = '15119498976' ) LIMIT 1 [ RunTime:0.000369s ]
[2021-12-01T16:45:06+08:00][sql] CONNECT:[ UseTime:0.000561s ] mysql:host=127.0.0.1;port=3306;dbname=www_jinx_com;charset=utf8
[2021-12-01T16:45:06+08:00][sql] SHOW FULL COLUMNS FROM `user` [ RunTime:0.000631s ]
[2021-12-01T16:45:06+08:00][sql] SELECT * FROM `user` WHERE  ( `email` = '15119498976' OR `phone` = '15119498976' ) LIMIT 1 [ RunTime:0.000226s ]
[2021-12-01T16:46:20+08:00][sql] CONNECT:[ UseTime:0.000486s ] mysql:host=127.0.0.1;port=3306;dbname=www_jinx_com;charset=utf8
[2021-12-01T16:46:20+08:00][sql] SHOW FULL COLUMNS FROM `user` [ RunTime:0.002774s ]
[2021-12-01T16:46:20+08:00][sql] SELECT * FROM `user` WHERE  ( `email` = '15119498976' OR `phone` = '15119498976' ) LIMIT 1 [ RunTime:0.000641s ]
[2021-12-01T16:46:57+08:00][sql] CONNECT:[ UseTime:0.000619s ] mysql:host=127.0.0.1;port=3306;dbname=www_jinx_com;charset=utf8
[2021-12-01T16:46:57+08:00][sql] SHOW FULL COLUMNS FROM `user` [ RunTime:0.000654s ]
[2021-12-01T16:46:57+08:00][sql] SELECT * FROM `user` WHERE  ( `email` = '15119498976' OR `phone` = '15119498976' ) LIMIT 1 [ RunTime:0.000224s ]
[2021-12-01T16:47:14+08:00][sql] CONNECT:[ UseTime:0.000536s ] mysql:host=127.0.0.1;port=3306;dbname=www_jinx_com;charset=utf8
[2021-12-01T16:47:14+08:00][sql] SHOW FULL COLUMNS FROM `user` [ RunTime:0.000751s ]
[2021-12-01T16:47:14+08:00][sql] SELECT * FROM `user` WHERE  ( `email` = '15119498976' OR `phone` = '15119498976' ) LIMIT 1 [ RunTime:0.000270s ]
[2021-12-01T16:47:14+08:00][sql] CONNECT:[ UseTime:0.000491s ] mysql:host=127.0.0.1;port=3306;dbname=www_jinx_com;charset=utf8
[2021-12-01T16:47:14+08:00][sql] SHOW FULL COLUMNS FROM `user` [ RunTime:0.000768s ]
[2021-12-01T16:47:14+08:00][sql] SELECT * FROM `user` WHERE  ( `email` = '15119498976' OR `phone` = '15119498976' ) LIMIT 1 [ RunTime:0.000292s ]
[2021-12-01T16:47:16+08:00][sql] CONNECT:[ UseTime:0.000483s ] mysql:host=127.0.0.1;port=3306;dbname=www_jinx_com;charset=utf8
[2021-12-01T16:47:16+08:00][sql] SHOW FULL COLUMNS FROM `user` [ RunTime:0.000646s ]
[2021-12-01T16:47:16+08:00][sql] SELECT * FROM `user` WHERE  ( `email` = '15119498976' OR `phone` = '15119498976' ) LIMIT 1 [ RunTime:0.001295s ]
[2021-12-01T16:51:25+08:00][error] [8]未定义变量: username[D:\Web\www.jinx.com\app\api\controller\Index.php:40]
[2021-12-01T16:51:52+08:00][error] [1024]Decryption error[D:\Web\www.jinx.com\vendor\phpseclib\phpseclib\phpseclib\Crypt\RSA.php:2588]
[2021-12-01T16:51:52+08:00][error] [0]Malformed UTF-8 characters, possibly incorrectly encoded[D:\Web\www.jinx.com\vendor\topthink\framework\src\think\response\Json.php:50]
[2021-12-01T16:52:10+08:00][error] [1024]Decryption error[D:\Web\www.jinx.com\vendor\phpseclib\phpseclib\phpseclib\Crypt\RSA.php:2588]
[2021-12-01T16:52:10+08:00][error] [0]Malformed UTF-8 characters, possibly incorrectly encoded[D:\Web\www.jinx.com\vendor\topthink\framework\src\think\response\Json.php:50]
[2021-12-01T16:52:23+08:00][error] [1024]Decryption error[D:\Web\www.jinx.com\vendor\phpseclib\phpseclib\phpseclib\Crypt\RSA.php:2588]
[2021-12-01T16:52:23+08:00][error] [0]Malformed UTF-8 characters, possibly incorrectly encoded[D:\Web\www.jinx.com\vendor\topthink\framework\src\think\response\Json.php:50]
[2021-12-01T16:52:49+08:00][error] [0]Call to undefined function app\api\controller\string()[D:\Web\www.jinx.com\app\api\controller\Index.php:40]
[2021-12-01T16:53:19+08:00][error] [1024]Decryption error[D:\Web\www.jinx.com\vendor\phpseclib\phpseclib\phpseclib\Crypt\RSA.php:2588]
[2021-12-01T16:53:19+08:00][error] [0]Malformed UTF-8 characters, possibly incorrectly encoded[D:\Web\www.jinx.com\vendor\topthink\framework\src\think\response\Json.php:50]
[2021-12-01T16:54:06+08:00][error] [1024]Decryption error[D:\Web\www.jinx.com\vendor\phpseclib\phpseclib\phpseclib\Crypt\RSA.php:2588]
[2021-12-01T16:54:06+08:00][error] [0]Malformed UTF-8 characters, possibly incorrectly encoded[D:\Web\www.jinx.com\vendor\topthink\framework\src\think\response\Json.php:50]
[2021-12-01T16:56:34+08:00][error] [1024]Decryption error[D:\Web\www.jinx.com\vendor\phpseclib\phpseclib\phpseclib\Crypt\RSA.php:2588]
[2021-12-01T16:56:34+08:00][error] [0]Malformed UTF-8 characters, possibly incorrectly encoded[D:\Web\www.jinx.com\vendor\topthink\framework\src\think\response\Json.php:50]
[2021-12-01T17:06:51+08:00][error] [0]call_user_func_array() expects parameter 1 to be a valid callback, class 'Redis' does not have a method 'all'[D:\Web\www.jinx.com\vendor\topthink\framework\src\think\cache\Driver.php:355]
[2021-12-01T17:43:26+08:00][error] [8]未定义变量: sign[D:\Web\www.jinx.com\app\api\controller\Index.php:33]
[2021-12-01T17:43:50+08:00][error] [1024]Decryption error[D:\Web\www.jinx.com\vendor\phpseclib\phpseclib\phpseclib\Crypt\RSA.php:2588]
[2021-12-01T17:43:50+08:00][error] [0]Malformed UTF-8 characters, possibly incorrectly encoded[D:\Web\www.jinx.com\vendor\topthink\framework\src\think\response\Json.php:50]
[2021-12-01T17:43:55+08:00][error] [1024]Decryption error[D:\Web\www.jinx.com\vendor\phpseclib\phpseclib\phpseclib\Crypt\RSA.php:2588]
[2021-12-01T17:43:55+08:00][error] [0]Malformed UTF-8 characters, possibly incorrectly encoded[D:\Web\www.jinx.com\vendor\topthink\framework\src\think\response\Json.php:50]
[2021-12-01T17:46:35+08:00][error] [1024]Decryption error[D:\Web\www.jinx.com\vendor\phpseclib\phpseclib\phpseclib\Crypt\RSA.php:2588]
[2021-12-01T17:52:46+08:00][error] [1024]Decryption error[D:\Web\www.jinx.com\vendor\phpseclib\phpseclib\phpseclib\Crypt\RSA.php:2588]
[2021-12-01T17:52:46+08:00][error] [0]Malformed UTF-8 characters, possibly incorrectly encoded[D:\Web\www.jinx.com\vendor\topthink\framework\src\think\response\Json.php:50]
[2021-12-01T17:53:41+08:00][error] [1024]Decryption error[D:\Web\www.jinx.com\vendor\phpseclib\phpseclib\phpseclib\Crypt\RSA.php:2588]
[2021-12-01T17:53:41+08:00][error] [0]Malformed UTF-8 characters, possibly incorrectly encoded[D:\Web\www.jinx.com\vendor\topthink\framework\src\think\response\Json.php:50]
[2021-12-01T17:57:28+08:00][error] [1024]Decryption error[D:\Web\www.jinx.com\vendor\phpseclib\phpseclib\phpseclib\Crypt\RSA.php:2588]
[2021-12-01T17:57:28+08:00][error] [0]Malformed UTF-8 characters, possibly incorrectly encoded[D:\Web\www.jinx.com\vendor\topthink\framework\src\think\response\Json.php:50]
[2021-12-01T18:02:12+08:00][error] [1024]Signature representative out of range[D:\Web\www.jinx.com\vendor\phpseclib\phpseclib\phpseclib\Crypt\RSA.php:2437]
[2021-12-01T18:02:12+08:00][error] [0]Malformed UTF-8 characters, possibly incorrectly encoded[D:\Web\www.jinx.com\vendor\topthink\framework\src\think\response\Json.php:50]
[2021-12-01T18:05:26+08:00][error] [1024]Decryption error[D:\Web\www.jinx.com\vendor\phpseclib\phpseclib\phpseclib\Crypt\RSA.php:2588]
[2021-12-01T18:05:26+08:00][error] [0]Malformed UTF-8 characters, possibly incorrectly encoded[D:\Web\www.jinx.com\vendor\topthink\framework\src\think\response\Json.php:50]
[2021-12-01T18:06:07+08:00][error] [1024]Decryption error[D:\Web\www.jinx.com\vendor\phpseclib\phpseclib\phpseclib\Crypt\RSA.php:2588]
[2021-12-01T18:06:07+08:00][error] [0]Malformed UTF-8 characters, possibly incorrectly encoded[D:\Web\www.jinx.com\vendor\topthink\framework\src\think\response\Json.php:50]
[2021-12-01T18:07:27+08:00][error] [1024]Decryption error[D:\Web\www.jinx.com\vendor\phpseclib\phpseclib\phpseclib\Crypt\RSA.php:2588]
[2021-12-01T18:11:16+08:00][error] [1024]Decryption error[D:\Web\www.jinx.com\vendor\phpseclib\phpseclib\phpseclib\Crypt\RSA.php:2588]
[2021-12-01T18:11:16+08:00][error] [0]Malformed UTF-8 characters, possibly incorrectly encoded[D:\Web\www.jinx.com\vendor\topthink\framework\src\think\response\Json.php:50]
[2021-12-01T18:11:52+08:00][error] [1024]Decryption error[D:\Web\www.jinx.com\vendor\phpseclib\phpseclib\phpseclib\Crypt\RSA.php:2588]
[2021-12-01T18:11:52+08:00][error] [0]Malformed UTF-8 characters, possibly incorrectly encoded[D:\Web\www.jinx.com\vendor\topthink\framework\src\think\response\Json.php:50]
[2021-12-01T18:11:57+08:00][error] [1024]Decryption error[D:\Web\www.jinx.com\vendor\phpseclib\phpseclib\phpseclib\Crypt\RSA.php:2588]
[2021-12-01T18:11:57+08:00][error] [0]Malformed UTF-8 characters, possibly incorrectly encoded[D:\Web\www.jinx.com\vendor\topthink\framework\src\think\response\Json.php:50]
[2021-12-01T18:14:59+08:00][error] [1024]Decryption error[D:\Web\www.jinx.com\vendor\phpseclib\phpseclib\phpseclib\Crypt\RSA.php:2588]
[2021-12-01T18:16:59+08:00][error] [1024]Decryption error[D:\Web\www.jinx.com\vendor\phpseclib\phpseclib\phpseclib\Crypt\RSA.php:2588]
[2021-12-01T18:17:01+08:00][error] [1024]Decryption error[D:\Web\www.jinx.com\vendor\phpseclib\phpseclib\phpseclib\Crypt\RSA.php:2588]
[2021-12-01T18:37:46+08:00][sql] CONNECT:[ UseTime:0.002412s ] mysql:host=127.0.0.1;port=3306;dbname=www_jinx_com;charset=utf8
[2021-12-01T18:37:46+08:00][sql] SHOW FULL COLUMNS FROM `user` [ RunTime:0.001913s ]
[2021-12-01T18:37:46+08:00][sql] SELECT * FROM `user` WHERE  ( `email` = '15119498976' OR `phone` = '15119498976' ) LIMIT 1 [ RunTime:0.000539s ]
[2021-12-01T18:44:46+08:00][error] [1024]Decryption error[D:\Web\www.jinx.com\vendor\phpseclib\phpseclib\phpseclib\Crypt\RSA.php:2589]
[2021-12-01T18:44:46+08:00][error] [0]Malformed UTF-8 characters, possibly incorrectly encoded[D:\Web\www.jinx.com\vendor\topthink\framework\src\think\response\Json.php:50]
[2021-12-01T19:04:22+08:00][error] [0]Call to undefined method phpseclib\Crypt\RSA::setDecryptionMode()[D:\Web\www.jinx.com\app\api\controller\Index.php:37]
