[2021-11-04T09:23:17+08:00][error] [2]Declaration of app\api\controller\Base::initialize(think\Request $request) should be compatible with app\BaseController::initialize()[D:\Web\www.jinx.com\app\api\controller\Base.php:8]
[2021-11-04T09:23:26+08:00][error] [2]Declaration of app\api\controller\Base::initialize(think\Request $request) should be compatible with app\BaseController::initialize()[D:\Web\www.jinx.com\app\api\controller\Base.php:8]
[2021-11-04T09:25:56+08:00][error] [2]Declaration of app\api\controller\Base::initialize(think\Request $request) should be compatible with app\BaseController::initialize()[D:\Web\www.jinx.com\app\api\controller\Base.php:8]
[2021-11-04T09:26:54+08:00][error] [0]Access to non-public constructor of class app\api\controller\User[D:\Web\www.jinx.com\vendor\topthink\framework\src\think\Container.php:394]
[2021-11-04T09:27:34+08:00][error] [0]Access to non-public constructor of class app\api\controller\User[D:\Web\www.jinx.com\vendor\topthink\framework\src\think\Container.php:394]
[2021-11-04T10:15:51+08:00][error] [0]Access to non-public constructor of class app\api\controller\User[D:\Web\www.jinx.com\vendor\topthink\framework\src\think\Container.php:394]
[2021-11-04T10:16:12+08:00][error] [0]Access to non-public constructor of class app\api\controller\User[D:\Web\www.jinx.com\vendor\topthink\framework\src\think\Container.php:394]
[2021-11-04T10:17:02+08:00][error] [0]Access to non-public constructor of class app\api\controller\User[D:\Web\www.jinx.com\vendor\topthink\framework\src\think\Container.php:394]
[2021-11-04T11:00:29+08:00][error] [0]Access to non-public constructor of class app\api\controller\User[D:\Web\www.jinx.com\vendor\topthink\framework\src\think\Container.php:394]
[2021-11-04T11:14:41+08:00][error] [0]Access to non-public constructor of class app\api\controller\User[D:\Web\www.jinx.com\vendor\topthink\framework\src\think\Container.php:394]
[2021-11-04T11:16:21+08:00][error] [0]Cannot access parent:: when current class scope has no parent[D:\Web\www.jinx.com\app\api\controller\Base.php:15]
[2021-11-04T11:18:22+08:00][error] [0]Cannot access parent:: when current class scope has no parent[D:\Web\www.jinx.com\app\api\controller\Base.php:16]
[2021-11-04T11:18:45+08:00][error] [8]未定义变量: request[D:\Web\www.jinx.com\app\api\controller\Base.php:16]
[2021-11-04T11:19:00+08:00][error] [8]未定义变量: request[D:\Web\www.jinx.com\app\api\controller\Base.php:16]
[2021-11-04T11:20:03+08:00][error] [4096]Object of class think\response\Html could not be converted to string[D:\Web\www.jinx.com\app\api\controller\Base.php:61]
[2021-11-04T11:27:57+08:00][error] [0]json_decode() expects parameter 1 to be string, array given[D:\Web\www.jinx.com\app\api\controller\Base.php:62]
[2021-11-04T11:28:11+08:00][error] [0]json_decode() expects parameter 1 to be string, array given[D:\Web\www.jinx.com\app\api\controller\Base.php:62]
[2021-11-04T11:38:01+08:00][error] [0]Argument 1 passed to app\api\controller\Base::return_msg() must be of the type int, array given, called in D:\Web\www.jinx.com\app\api\controller\User.php on line 9[D:\Web\www.jinx.com\app\api\controller\Base.php:46]
[2021-11-04T11:38:17+08:00][error] [0]Argument 1 passed to app\api\controller\Base::return_msg() must be of the type int, string given, called in D:\Web\www.jinx.com\app\api\controller\User.php on line 9[D:\Web\www.jinx.com\app\api\controller\Base.php:46]
[2021-11-04T11:38:18+08:00][error] [0]Argument 1 passed to app\api\controller\Base::return_msg() must be of the type int, string given, called in D:\Web\www.jinx.com\app\api\controller\User.php on line 9[D:\Web\www.jinx.com\app\api\controller\Base.php:46]
[2021-11-04T11:39:10+08:00][error] [0]Argument 1 passed to app\api\controller\Base::return_msg() must be of the type int, string given, called in D:\Web\www.jinx.com\app\api\controller\User.php on line 9[D:\Web\www.jinx.com\app\api\controller\Base.php:46]
[2021-11-04T11:52:58+08:00][error] [0]json_decode() expects parameter 1 to be string, array given[D:\Web\www.jinx.com\app\api\controller\Base.php:58]
[2021-11-04T11:53:19+08:00][error] [0]json_decode() expects parameter 1 to be string, array given[D:\Web\www.jinx.com\app\api\controller\Base.php:58]
[2021-11-04T11:54:11+08:00][error] [0]json_decode() expects parameter 1 to be string, array given[D:\Web\www.jinx.com\app\api\controller\Base.php:57]
[2021-11-04T17:07:52+08:00][error] [8192]Non-static method think\Validate::rule() should not be called statically[D:\Web\www.jinx.com\app\api\controller\Base.php:91]
[2021-11-04T17:43:24+08:00][error] [0]Class 'app\common\validate\User.login' not found[D:\Web\www.jinx.com\app\api\controller\Base.php:92]
[2021-11-04T17:44:10+08:00][error] [0]Class 'app\api\validate\User.login' not found[D:\Web\www.jinx.com\app\api\controller\Base.php:92]
[2021-11-04T17:46:17+08:00][error] [8]未定义变量: rule[D:\Web\www.jinx.com\app\api\controller\Base.php:95]
[2021-11-04T18:25:03+08:00][error] [0]Class '\app\api\validate\Code' not found[D:\Web\www.jinx.com\app\api\controller\Base.php:92]
