[2021-11-06T08:57:31+08:00][error] [8]Undefined property: app\api\controller\Code::$param[D:\Web\www.jinx.com\app\api\controller\Code.php:9]
[2021-11-06T15:31:47+08:00][error] [8]Undefined property: app\api\controller\Code::$param[D:\Web\www.jinx.com\app\api\controller\Code.php:9]
[2021-11-06T15:53:10+08:00][error] [0]Call to undefined method app\api\controller\Code::chek_exist()[D:\Web\www.jinx.com\app\api\controller\Code.php:38]
[2021-11-06T15:53:48+08:00][error] [0]Argument 1 passed to app\api\controller\Base::check_exist() must be an instance of app\api\controller\srring, string given, called in D:\Web\www.jinx.com\app\api\controller\Code.php on line 38[D:\Web\www.jinx.com\app\api\controller\Base.php:136]
[2021-11-06T15:54:01+08:00][error] [0]Argument 3 passed to app\api\controller\Base::check_exist() must be of the type int, string given, called in D:\Web\www.jinx.com\app\api\controller\Code.php on line 38[D:\Web\www.jinx.com\app\api\controller\Base.php:136]
[2021-11-06T15:57:54+08:00][error] [10501]SQLSTATE[HY000] [1045] Access denied for user 'username'@'localhost' (using password: YES)[D:\Web\www.jinx.com\vendor\topthink\think-orm\src\db\PDOConnection.php:796]
[2021-11-06T15:58:21+08:00][error] [0]Argument 3 passed to app\api\controller\Base::check_exist() must be of the type int, string given, called in D:\Web\www.jinx.com\app\api\controller\Code.php on line 38[D:\Web\www.jinx.com\app\api\controller\Base.php:136]
[2021-11-06T16:00:38+08:00][error] [10501]SQLSTATE[HY000] [1045] Access denied for user 'username'@'localhost' (using password: YES)[D:\Web\www.jinx.com\vendor\topthink\think-orm\src\db\PDOConnection.php:796]
[2021-11-06T16:01:46+08:00][error] [10501]SQLSTATE[HY000] [1045] Access denied for user 'username'@'localhost' (using password: YES)[D:\Web\www.jinx.com\vendor\topthink\think-orm\src\db\PDOConnection.php:796]
[2021-11-06T16:05:26+08:00][error] [10501]SQLSTATE[HY000] [1045] Access denied for user 'username'@'localhost' (using password: YES)[D:\Web\www.jinx.com\vendor\topthink\think-orm\src\db\PDOConnection.php:796]
[2021-11-06T16:05:56+08:00][error] [10501]SQLSTATE[HY000] [1045] Access denied for user 'username'@'localhost' (using password: YES)[D:\Web\www.jinx.com\vendor\topthink\think-orm\src\db\PDOConnection.php:796]
[2021-11-06T16:05:57+08:00][error] [10501]SQLSTATE[HY000] [1045] Access denied for user 'username'@'localhost' (using password: YES)[D:\Web\www.jinx.com\vendor\topthink\think-orm\src\db\PDOConnection.php:796]
[2021-11-06T16:06:04+08:00][error] [10501]SQLSTATE[HY000] [1045] Access denied for user 'username'@'localhost' (using password: YES)[D:\Web\www.jinx.com\vendor\topthink\think-orm\src\db\PDOConnection.php:796]
[2021-11-06T16:06:04+08:00][error] [10501]SQLSTATE[HY000] [1045] Access denied for user 'username'@'localhost' (using password: YES)[D:\Web\www.jinx.com\vendor\topthink\think-orm\src\db\PDOConnection.php:796]
[2021-11-06T16:06:05+08:00][error] [10501]SQLSTATE[HY000] [1045] Access denied for user 'username'@'localhost' (using password: YES)[D:\Web\www.jinx.com\vendor\topthink\think-orm\src\db\PDOConnection.php:796]
[2021-11-06T16:06:05+08:00][error] [10501]SQLSTATE[HY000] [1045] Access denied for user 'username'@'localhost' (using password: YES)[D:\Web\www.jinx.com\vendor\topthink\think-orm\src\db\PDOConnection.php:796]
[2021-11-06T16:06:05+08:00][error] [10501]SQLSTATE[HY000] [1045] Access denied for user 'username'@'localhost' (using password: YES)[D:\Web\www.jinx.com\vendor\topthink\think-orm\src\db\PDOConnection.php:796]
[2021-11-06T16:06:05+08:00][error] [10501]SQLSTATE[HY000] [1045] Access denied for user 'username'@'localhost' (using password: YES)[D:\Web\www.jinx.com\vendor\topthink\think-orm\src\db\PDOConnection.php:796]
[2021-11-06T16:06:05+08:00][error] [10501]SQLSTATE[HY000] [1045] Access denied for user 'username'@'localhost' (using password: YES)[D:\Web\www.jinx.com\vendor\topthink\think-orm\src\db\PDOConnection.php:796]
[2021-11-06T16:07:07+08:00][error] [10501]SQLSTATE[HY000] [1045] Access denied for user 'username'@'localhost' (using password: YES)[D:\Web\www.jinx.com\vendor\topthink\think-orm\src\db\PDOConnection.php:796]
[2021-11-06T16:11:22+08:00][error] [10501]SQLSTATE[HY000] [1045] Access denied for user 'username'@'localhost' (using password: YES)[D:\Web\www.jinx.com\vendor\topthink\think-orm\src\db\PDOConnection.php:796]
[2021-11-06T16:12:17+08:00][error] [10501]SQLSTATE[HY000] [1045] Access denied for user 'username'@'localhost' (using password: YES)[D:\Web\www.jinx.com\vendor\topthink\think-orm\src\db\PDOConnection.php:796]
[2021-11-06T16:13:46+08:00][sql] CONNECT:[ UseTime:0.000514s ] mysql:host=127.0.0.1;port=3306;dbname=www_jinx_com;charset=utf8
[2021-11-06T16:13:46+08:00][sql] SHOW FULL COLUMNS FROM `user` [ RunTime:0.002616s ]
[2021-11-06T16:13:46+08:00][sql] SELECT * FROM `user` WHERE  `phone` = 'phone' LIMIT 1 [ RunTime:0.000488s ]
[2021-11-06T16:13:46+08:00][sql] SELECT * FROM `user` WHERE  `email` = 'phone' LIMIT 1 [ RunTime:0.000430s ]
[2021-11-06T16:13:46+08:00][error] [8]未定义变量: phone[D:\Web\www.jinx.com\app\api\controller\Base.php:145]
[2021-11-06T16:14:01+08:00][sql] CONNECT:[ UseTime:0.001246s ] mysql:host=127.0.0.1;port=3306;dbname=www_jinx_com;charset=utf8
[2021-11-06T16:14:01+08:00][sql] SHOW FULL COLUMNS FROM `user` [ RunTime:0.001825s ]
[2021-11-06T16:14:01+08:00][sql] SELECT * FROM `user` WHERE  `phone` = 'phone' LIMIT 1 [ RunTime:0.000296s ]
[2021-11-06T16:14:01+08:00][sql] SELECT * FROM `user` WHERE  `email` = 'phone' LIMIT 1 [ RunTime:0.000189s ]
[2021-11-06T16:14:01+08:00][error] [0]md5() expects parameter 1 to be string, int given[D:\Web\www.jinx.com\app\api\controller\Code.php:51]
[2021-11-06T16:15:40+08:00][sql] CONNECT:[ UseTime:0.000549s ] mysql:host=127.0.0.1;port=3306;dbname=www_jinx_com;charset=utf8
[2021-11-06T16:15:40+08:00][sql] SHOW FULL COLUMNS FROM `user` [ RunTime:0.001031s ]
[2021-11-06T16:15:40+08:00][sql] SELECT * FROM `user` WHERE  `phone` = 'phone' LIMIT 1 [ RunTime:0.001049s ]
[2021-11-06T16:15:40+08:00][sql] SELECT * FROM `user` WHERE  `email` = 'phone' LIMIT 1 [ RunTime:0.000327s ]
[2021-11-06T16:16:04+08:00][sql] CONNECT:[ UseTime:0.000549s ] mysql:host=127.0.0.1;port=3306;dbname=www_jinx_com;charset=utf8
[2021-11-06T16:16:04+08:00][sql] SHOW FULL COLUMNS FROM `user` [ RunTime:0.002728s ]
[2021-11-06T16:16:04+08:00][sql] SELECT * FROM `user` WHERE  `phone` = 'phone' LIMIT 1 [ RunTime:0.000255s ]
[2021-11-06T16:16:04+08:00][sql] SELECT * FROM `user` WHERE  `email` = 'phone' LIMIT 1 [ RunTime:0.000207s ]
[2021-11-06T16:16:04+08:00][error] [0]md5() expects parameter 1 to be string, int given[D:\Web\www.jinx.com\app\api\controller\Code.php:51]
[2021-11-06T16:17:46+08:00][sql] CONNECT:[ UseTime:0.016225s ] mysql:host=127.0.0.1;port=3306;dbname=www_jinx_com;charset=utf8
[2021-11-06T16:17:46+08:00][sql] SHOW FULL COLUMNS FROM `user` [ RunTime:0.000886s ]
[2021-11-06T16:17:46+08:00][sql] SELECT * FROM `user` WHERE  `phone` = 'phone' LIMIT 1 [ RunTime:0.000278s ]
[2021-11-06T16:17:46+08:00][sql] SELECT * FROM `user` WHERE  `email` = 'phone' LIMIT 1 [ RunTime:0.000185s ]
[2021-11-06T16:18:41+08:00][sql] CONNECT:[ UseTime:0.000545s ] mysql:host=127.0.0.1;port=3306;dbname=www_jinx_com;charset=utf8
[2021-11-06T16:18:41+08:00][sql] SHOW FULL COLUMNS FROM `user` [ RunTime:0.002498s ]
[2021-11-06T16:18:41+08:00][sql] SELECT * FROM `user` WHERE  `phone` = 'phone' LIMIT 1 [ RunTime:0.000730s ]
[2021-11-06T16:18:41+08:00][sql] SELECT * FROM `user` WHERE  `email` = 'phone' LIMIT 1 [ RunTime:0.000418s ]
[2021-11-06T16:18:50+08:00][sql] CONNECT:[ UseTime:0.000713s ] mysql:host=127.0.0.1;port=3306;dbname=www_jinx_com;charset=utf8
[2021-11-06T16:18:50+08:00][sql] SHOW FULL COLUMNS FROM `user` [ RunTime:0.002707s ]
[2021-11-06T16:18:50+08:00][sql] SELECT * FROM `user` WHERE  `phone` = 'phone' LIMIT 1 [ RunTime:0.000309s ]
[2021-11-06T16:18:50+08:00][sql] SELECT * FROM `user` WHERE  `email` = 'phone' LIMIT 1 [ RunTime:0.000325s ]
[2021-11-06T16:19:05+08:00][sql] CONNECT:[ UseTime:0.000639s ] mysql:host=127.0.0.1;port=3306;dbname=www_jinx_com;charset=utf8
[2021-11-06T16:19:05+08:00][sql] SHOW FULL COLUMNS FROM `user` [ RunTime:0.002409s ]
[2021-11-06T16:19:05+08:00][sql] SELECT * FROM `user` WHERE  `phone` = 'phone' LIMIT 1 [ RunTime:0.000233s ]
[2021-11-06T16:19:05+08:00][sql] SELECT * FROM `user` WHERE  `email` = 'phone' LIMIT 1 [ RunTime:0.000170s ]
[2021-11-06T16:19:45+08:00][sql] CONNECT:[ UseTime:0.000522s ] mysql:host=127.0.0.1;port=3306;dbname=www_jinx_com;charset=utf8
[2021-11-06T16:19:45+08:00][sql] SHOW FULL COLUMNS FROM `user` [ RunTime:0.000618s ]
[2021-11-06T16:19:45+08:00][sql] SELECT * FROM `user` WHERE  `phone` = 'phone' LIMIT 1 [ RunTime:0.000198s ]
[2021-11-06T16:19:45+08:00][sql] SELECT * FROM `user` WHERE  `email` = 'phone' LIMIT 1 [ RunTime:0.000165s ]
[2021-11-06T16:28:06+08:00][error] [0]Argument 1 passed to think\Route::post() must be of the type string, array given[D:\Web\www.jinx.com\vendor\topthink\framework\src\think\Route.php:592]
[2021-11-06T16:29:14+08:00][error] [0]Argument 1 passed to think\Route::rule() must be of the type string, array given[D:\Web\www.jinx.com\vendor\topthink\framework\src\think\Route.php:512]
[2021-11-06T16:34:22+08:00][sql] CONNECT:[ UseTime:0.000736s ] mysql:host=127.0.0.1;port=3306;dbname=www_jinx_com;charset=utf8
[2021-11-06T16:34:22+08:00][sql] SHOW FULL COLUMNS FROM `user` [ RunTime:0.003633s ]
[2021-11-06T16:34:22+08:00][sql] SELECT * FROM `user` WHERE  `phone` = 'email' LIMIT 1 [ RunTime:0.000377s ]
[2021-11-06T16:34:22+08:00][sql] SELECT * FROM `user` WHERE  `email` = 'email' LIMIT 1 [ RunTime:0.000240s ]
[2021-11-06T16:34:45+08:00][sql] CONNECT:[ UseTime:0.000650s ] mysql:host=127.0.0.1;port=3306;dbname=www_jinx_com;charset=utf8
[2021-11-06T16:34:45+08:00][sql] SHOW FULL COLUMNS FROM `user` [ RunTime:0.004586s ]
[2021-11-06T16:34:45+08:00][sql] SELECT * FROM `user` WHERE  `phone` = 'email' LIMIT 1 [ RunTime:0.000341s ]
[2021-11-06T16:34:45+08:00][sql] SELECT * FROM `user` WHERE  `email` = 'email' LIMIT 1 [ RunTime:0.000222s ]
[2021-11-06T16:34:52+08:00][sql] CONNECT:[ UseTime:0.000620s ] mysql:host=127.0.0.1;port=3306;dbname=www_jinx_com;charset=utf8
[2021-11-06T16:34:52+08:00][sql] SHOW FULL COLUMNS FROM `user` [ RunTime:0.000678s ]
[2021-11-06T16:34:52+08:00][sql] SELECT * FROM `user` WHERE  `phone` = 'email' LIMIT 1 [ RunTime:0.000219s ]
[2021-11-06T16:34:52+08:00][sql] SELECT * FROM `user` WHERE  `email` = 'email' LIMIT 1 [ RunTime:0.000189s ]
[2021-11-06T16:35:15+08:00][sql] CONNECT:[ UseTime:0.000640s ] mysql:host=127.0.0.1;port=3306;dbname=www_jinx_com;charset=utf8
[2021-11-06T16:35:15+08:00][sql] SHOW FULL COLUMNS FROM `user` [ RunTime:0.000672s ]
[2021-11-06T16:35:15+08:00][sql] SELECT * FROM `user` WHERE  `phone` = 'email' LIMIT 1 [ RunTime:0.000232s ]
[2021-11-06T16:35:15+08:00][sql] SELECT * FROM `user` WHERE  `email` = 'email' LIMIT 1 [ RunTime:0.000192s ]
[2021-11-06T16:35:31+08:00][sql] CONNECT:[ UseTime:0.018367s ] mysql:host=127.0.0.1;port=3306;dbname=www_jinx_com;charset=utf8
[2021-11-06T16:35:31+08:00][sql] SHOW FULL COLUMNS FROM `user` [ RunTime:0.000861s ]
[2021-11-06T16:35:31+08:00][sql] SELECT * FROM `user` WHERE  `phone` = 'email' LIMIT 1 [ RunTime:0.000618s ]
[2021-11-06T16:35:31+08:00][sql] SELECT * FROM `user` WHERE  `email` = 'email' LIMIT 1 [ RunTime:0.000607s ]
[2021-11-06T16:35:46+08:00][sql] CONNECT:[ UseTime:0.021345s ] mysql:host=127.0.0.1;port=3306;dbname=www_jinx_com;charset=utf8
[2021-11-06T16:35:46+08:00][sql] SHOW FULL COLUMNS FROM `user` [ RunTime:0.001293s ]
[2021-11-06T16:35:46+08:00][sql] SELECT * FROM `user` WHERE  `phone` = 'phone' LIMIT 1 [ RunTime:0.000435s ]
[2021-11-06T16:35:46+08:00][sql] SELECT * FROM `user` WHERE  `email` = 'phone' LIMIT 1 [ RunTime:0.000247s ]
[2021-11-06T16:36:00+08:00][sql] CONNECT:[ UseTime:0.013893s ] mysql:host=127.0.0.1;port=3306;dbname=www_jinx_com;charset=utf8
[2021-11-06T16:36:00+08:00][sql] SHOW FULL COLUMNS FROM `user` [ RunTime:0.000686s ]
[2021-11-06T16:36:00+08:00][sql] SELECT * FROM `user` WHERE  `phone` = 'email' LIMIT 1 [ RunTime:0.000219s ]
[2021-11-06T16:36:00+08:00][sql] SELECT * FROM `user` WHERE  `email` = 'email' LIMIT 1 [ RunTime:0.000222s ]
[2021-11-06T16:37:29+08:00][sql] CONNECT:[ UseTime:0.000494s ] mysql:host=127.0.0.1;port=3306;dbname=www_jinx_com;charset=utf8
[2021-11-06T16:37:29+08:00][sql] SHOW FULL COLUMNS FROM `user` [ RunTime:0.000646s ]
[2021-11-06T16:37:29+08:00][sql] SELECT * FROM `user` WHERE  `phone` = 'email' LIMIT 1 [ RunTime:0.000218s ]
[2021-11-06T16:37:29+08:00][sql] SELECT * FROM `user` WHERE  `email` = 'email' LIMIT 1 [ RunTime:0.000648s ]
[2021-11-06T16:38:19+08:00][sql] CONNECT:[ UseTime:0.000552s ] mysql:host=127.0.0.1;port=3306;dbname=www_jinx_com;charset=utf8
[2021-11-06T16:38:19+08:00][sql] SHOW FULL COLUMNS FROM `user` [ RunTime:0.001395s ]
[2021-11-06T16:38:19+08:00][sql] SELECT * FROM `user` WHERE  `phone` = 'phone' LIMIT 1 [ RunTime:0.000553s ]
[2021-11-06T16:38:19+08:00][sql] SELECT * FROM `user` WHERE  `email` = 'phone' LIMIT 1 [ RunTime:0.000452s ]
[2021-11-06T16:39:08+08:00][sql] CONNECT:[ UseTime:0.000509s ] mysql:host=127.0.0.1;port=3306;dbname=www_jinx_com;charset=utf8
[2021-11-06T16:39:08+08:00][sql] SHOW FULL COLUMNS FROM `user` [ RunTime:0.000657s ]
[2021-11-06T16:39:08+08:00][sql] SELECT * FROM `user` WHERE  `phone` = 'phone' LIMIT 1 [ RunTime:0.000234s ]
[2021-11-06T16:39:08+08:00][sql] SELECT * FROM `user` WHERE  `email` = 'phone' LIMIT 1 [ RunTime:0.000180s ]
[2021-11-06T16:39:39+08:00][sql] CONNECT:[ UseTime:0.001194s ] mysql:host=127.0.0.1;port=3306;dbname=www_jinx_com;charset=utf8
[2021-11-06T16:39:39+08:00][sql] SHOW FULL COLUMNS FROM `user` [ RunTime:0.001329s ]
[2021-11-06T16:39:39+08:00][sql] SELECT * FROM `user` WHERE  `phone` = 'phone' LIMIT 1 [ RunTime:0.000312s ]
[2021-11-06T16:39:39+08:00][sql] SELECT * FROM `user` WHERE  `email` = 'phone' LIMIT 1 [ RunTime:0.000260s ]
[2021-11-06T16:39:42+08:00][sql] CONNECT:[ UseTime:0.000532s ] mysql:host=127.0.0.1;port=3306;dbname=www_jinx_com;charset=utf8
[2021-11-06T16:39:42+08:00][sql] SHOW FULL COLUMNS FROM `user` [ RunTime:0.000665s ]
[2021-11-06T16:39:42+08:00][sql] SELECT * FROM `user` WHERE  `phone` = 'phone' LIMIT 1 [ RunTime:0.000228s ]
[2021-11-06T16:39:42+08:00][sql] SELECT * FROM `user` WHERE  `email` = 'phone' LIMIT 1 [ RunTime:0.000218s ]
[2021-11-06T16:42:15+08:00][sql] CONNECT:[ UseTime:0.016324s ] mysql:host=127.0.0.1;port=3306;dbname=www_jinx_com;charset=utf8
[2021-11-06T16:42:15+08:00][sql] SHOW FULL COLUMNS FROM `user` [ RunTime:0.000708s ]
[2021-11-06T16:42:15+08:00][sql] SELECT * FROM `user` WHERE  `phone` = '15119498976' LIMIT 1 [ RunTime:0.000217s ]
[2021-11-06T16:42:15+08:00][error] [8]未定义变量: email_result[D:\Web\www.jinx.com\app\api\controller\Base.php:144]
[2021-11-06T16:42:25+08:00][sql] CONNECT:[ UseTime:0.000620s ] mysql:host=127.0.0.1;port=3306;dbname=www_jinx_com;charset=utf8
[2021-11-06T16:42:25+08:00][sql] SHOW FULL COLUMNS FROM `user` [ RunTime:0.000657s ]
[2021-11-06T16:42:25+08:00][sql] SELECT * FROM `user` WHERE  `phone` = '15119498977' LIMIT 1 [ RunTime:0.000236s ]
[2021-11-06T16:42:25+08:00][error] [8]未定义变量: email_result[D:\Web\www.jinx.com\app\api\controller\Base.php:144]
[2021-11-06T16:42:56+08:00][sql] CONNECT:[ UseTime:0.000515s ] mysql:host=127.0.0.1;port=3306;dbname=www_jinx_com;charset=utf8
[2021-11-06T16:42:56+08:00][sql] SHOW FULL COLUMNS FROM `user` [ RunTime:0.000588s ]
[2021-11-06T16:42:56+08:00][sql] SELECT * FROM `user` WHERE  `phone` = '15119498976' LIMIT 1 [ RunTime:0.000220s ]
