[2021-11-13T16:48:36+08:00][error] [8]未定义变量: username[D:\Web\www.jinx.com\app\api\controller\Base.php:225]
[2021-11-13T16:50:10+08:00][sql] CONNECT:[ UseTime:0.025149s ] mysql:host=127.0.0.1;port=3306;dbname=www_jinx_com;charset=utf8
[2021-11-13T16:50:10+08:00][sql] SHOW FULL COLUMNS FROM `user` [ RunTime:0.002698s ]
[2021-11-13T16:50:10+08:00][sql] SELECT * FROM `user` WHERE  `phone` = '932046899@qq.com' LIMIT 1 [ RunTime:0.000504s ]
[2021-11-13T16:50:10+08:00][sql] SELECT * FROM `user` WHERE  `email` = '932046899@qq.com' LIMIT 1 [ RunTime:0.000269s ]
[2021-11-13T16:50:10+08:00][error] [10501]SQLSTATE[HY000]: General error: 1364 Field 'name' doesn't have a default value[D:\Web\www.jinx.com\vendor\topthink\think-orm\src\db\PDOConnection.php:796]
[2021-11-13T16:55:43+08:00][error] [8]未定义数组索引: user_name[D:\Web\www.jinx.com\app\api\controller\Code.php:16]
[2021-11-13T16:56:55+08:00][error] [0]Call to undefined method app\api\controller\Code::check_user_name()[D:\Web\www.jinx.com\app\api\controller\Code.php:18]
[2021-11-13T16:58:02+08:00][sql] CONNECT:[ UseTime:0.000647s ] mysql:host=127.0.0.1;port=3306;dbname=www_jinx_com;charset=utf8
[2021-11-13T16:58:02+08:00][sql] SHOW FULL COLUMNS FROM `user` [ RunTime:0.002319s ]
[2021-11-13T16:58:02+08:00][sql] SELECT * FROM `user` WHERE  `phone` = '932046899@qq.com' LIMIT 1 [ RunTime:0.000242s ]
[2021-11-13T16:58:02+08:00][sql] SELECT * FROM `user` WHERE  `email` = '932046899@qq.com' LIMIT 1 [ RunTime:0.000184s ]
[2021-11-13T16:58:02+08:00][error] [0]Class 'phpmailer\Exception' not found[D:\Web\www.jinx.com\extend\phpmailer\PHPMailer.php:2159]
[2021-11-13T17:00:09+08:00][sql] CONNECT:[ UseTime:0.000479s ] mysql:host=127.0.0.1;port=3306;dbname=www_jinx_com;charset=utf8
[2021-11-13T17:00:09+08:00][sql] SHOW FULL COLUMNS FROM `user` [ RunTime:0.002231s ]
[2021-11-13T17:00:09+08:00][sql] SELECT * FROM `user` WHERE  `phone` = '932046899@qq.com' LIMIT 1 [ RunTime:0.000222s ]
[2021-11-13T17:00:09+08:00][sql] SELECT * FROM `user` WHERE  `email` = '932046899@qq.com' LIMIT 1 [ RunTime:0.000158s ]
[2021-11-13T17:02:55+08:00][error] [0]Call to undefined method app\api\controller\Code::check_user_name()[D:\Web\www.jinx.com\app\api\controller\Code.php:18]
[2021-11-13T17:03:53+08:00][error] [0]Call to undefined method app\api\controller\Code::check_user_name()[D:\Web\www.jinx.com\app\api\controller\Code.php:18]
[2021-11-13T17:04:16+08:00][sql] CONNECT:[ UseTime:0.000521s ] mysql:host=127.0.0.1;port=3306;dbname=www_jinx_com;charset=utf8
[2021-11-13T17:04:16+08:00][sql] SHOW FULL COLUMNS FROM `user` [ RunTime:0.002237s ]
[2021-11-13T17:04:16+08:00][sql] SELECT * FROM `user` WHERE  `phone` = '932046899@qq.com' LIMIT 1 [ RunTime:0.000235s ]
[2021-11-13T17:04:16+08:00][sql] SELECT * FROM `user` WHERE  `email` = '932046899@qq.com' LIMIT 1 [ RunTime:0.000163s ]
[2021-11-13T17:04:16+08:00][error] [0]Class 'phpmailer\Exception' not found[D:\Web\www.jinx.com\extend\phpmailer\PHPMailer.php:2159]
[2021-11-13T17:04:49+08:00][sql] CONNECT:[ UseTime:0.000541s ] mysql:host=127.0.0.1;port=3306;dbname=www_jinx_com;charset=utf8
[2021-11-13T17:04:49+08:00][sql] SHOW FULL COLUMNS FROM `user` [ RunTime:0.002201s ]
[2021-11-13T17:04:49+08:00][sql] SELECT * FROM `user` WHERE  `phone` = '932046899@qq.com' LIMIT 1 [ RunTime:0.000238s ]
[2021-11-13T17:04:49+08:00][sql] SELECT * FROM `user` WHERE  `email` = '932046899@qq.com' LIMIT 1 [ RunTime:0.000172s ]
[2021-11-13T17:04:49+08:00][error] [0]Class 'PHPMailer' not found[D:\Web\www.jinx.com\app\api\controller\Code.php:159]
[2021-11-13T17:04:56+08:00][sql] CONNECT:[ UseTime:0.000470s ] mysql:host=127.0.0.1;port=3306;dbname=www_jinx_com;charset=utf8
[2021-11-13T17:04:56+08:00][sql] SHOW FULL COLUMNS FROM `user` [ RunTime:0.002215s ]
[2021-11-13T17:04:56+08:00][sql] SELECT * FROM `user` WHERE  `phone` = '932046899@qq.com' LIMIT 1 [ RunTime:0.000213s ]
[2021-11-13T17:04:56+08:00][sql] SELECT * FROM `user` WHERE  `email` = '932046899@qq.com' LIMIT 1 [ RunTime:0.000157s ]
[2021-11-13T17:04:56+08:00][error] [0]Class 'phpmailer\Exception' not found[D:\Web\www.jinx.com\extend\phpmailer\PHPMailer.php:2159]
[2021-11-13T17:08:29+08:00][sql] CONNECT:[ UseTime:0.001131s ] mysql:host=127.0.0.1;port=3306;dbname=www_jinx_com;charset=utf8
[2021-11-13T17:08:29+08:00][sql] SHOW FULL COLUMNS FROM `user` [ RunTime:0.002745s ]
[2021-11-13T17:08:29+08:00][sql] SELECT * FROM `user` WHERE  `phone` = '932046899@qq.com' LIMIT 1 [ RunTime:0.000404s ]
[2021-11-13T17:08:29+08:00][sql] SELECT * FROM `user` WHERE  `email` = '932046899@qq.com' LIMIT 1 [ RunTime:0.000204s ]
[2021-11-13T17:09:51+08:00][error] [8]未定义数组索引: user_name[D:\Web\www.jinx.com\app\api\controller\Code.php:16]
[2021-11-13T17:10:36+08:00][error] [8]未定义数组索引: user_name[D:\Web\www.jinx.com\app\api\controller\Code.php:16]
[2021-11-13T17:11:02+08:00][error] [8]未定义数组索引: user_name[D:\Web\www.jinx.com\app\api\controller\Code.php:16]
