[2021-11-19T09:50:02+08:00][error] [0]Argument 1 passed to app\api\controller\Base::check_param() must be of the type array, null given, called in D:\Web\www.jinx.com\app\api\controller\Base.php on line 31[D:\Web\www.jinx.com\app\api\controller\Base.php:86]
[2021-11-19T10:28:35+08:00][error] [0]Call to undefined method app\api\controller\User::upload_file()[D:\Web\www.jinx.com\app\api\controller\User.php:102]
[2021-11-19T11:51:42+08:00][error] [2]Use of undefined constant ROOT_PATH - assumed 'ROOT_PATH' (this will throw an Error in a future version of PHP)[D:\Web\www.jinx.com\app\api\controller\Base.php:247]
[2021-11-19T13:09:49+08:00][error] [8]未定义变量: path[D:\Web\www.jinx.com\app\api\controller\Base.php:245]
[2021-11-19T13:14:55+08:00][error] [0]Class '\app\common\validate\Index' not found[D:\Web\www.jinx.com\app\api\controller\Base.php:92]
[2021-11-19T14:24:25+08:00][error] [0]Class '\app\common\validate\Index' not found[D:\Web\www.jinx.com\app\api\controller\Base.php:92]
[2021-11-19T14:25:39+08:00][error] [0]Class '\app\common\validate\Index' not found[D:\Web\www.jinx.com\app\api\controller\Base.php:92]
[2021-11-19T14:25:40+08:00][error] [0]Class '\app\common\validate\Index' not found[D:\Web\www.jinx.com\app\api\controller\Base.php:92]
[2021-11-19T14:25:50+08:00][error] [0]Class '\app\common\validate\Index' not found[D:\Web\www.jinx.com\app\api\controller\Base.php:92]
[2021-11-19T14:26:12+08:00][error] [0]Class '\app\common\validate\Index' not found[D:\Web\www.jinx.com\app\api\controller\Base.php:92]
[2021-11-19T14:26:13+08:00][error] [0]Class '\app\common\validate\Index' not found[D:\Web\www.jinx.com\app\api\controller\Base.php:92]
[2021-11-19T14:52:10+08:00][error] [0]Class '\app\common\validate\Index' not found[D:\Web\www.jinx.com\app\api\controller\Base.php:92]
[2021-11-19T14:52:40+08:00][error] [0]Class '\app\common\validate\Index' not found[D:\Web\www.jinx.com\app\api\controller\Base.php:92]
[2021-11-19T15:03:51+08:00][error] [0]Class 'Route' not found[D:\Web\www.jinx.com\app\api\route\app.php:18]
[2021-11-19T15:27:54+08:00][error] [8]未定义数组索引: user[D:\Web\www.jinx.com\app\api\controller\User.php:129]
[2021-11-19T15:28:32+08:00][sql] CONNECT:[ UseTime:0.000500s ] mysql:host=127.0.0.1;port=3306;dbname=www_jinx_com;charset=utf8
[2021-11-19T15:28:32+08:00][sql] SHOW FULL COLUMNS FROM `user` [ RunTime:0.002346s ]
[2021-11-19T15:28:32+08:00][sql] SELECT * FROM `user` WHERE  `phone` = '15119498976' LIMIT 1 [ RunTime:0.000218s ]
[2021-11-19T15:28:32+08:00][sql] SELECT * FROM `user` WHERE  `email` = '15119498976' LIMIT 1 [ RunTime:0.000157s ]
[2021-11-19T15:28:32+08:00][sql] SELECT `password` FROM `user` WHERE  `phone` = '15119498976' LIMIT 1 [ RunTime:0.000448s ]
[2021-11-19T15:47:12+08:00][sql] CONNECT:[ UseTime:0.000573s ] mysql:host=127.0.0.1;port=3306;dbname=www_jinx_com;charset=utf8
[2021-11-19T15:47:12+08:00][sql] SHOW FULL COLUMNS FROM `user` [ RunTime:0.002509s ]
[2021-11-19T15:47:12+08:00][sql] SELECT * FROM `user` WHERE  `phone` = '15119498976' LIMIT 1 [ RunTime:0.000257s ]
[2021-11-19T15:47:12+08:00][sql] SELECT * FROM `user` WHERE  `email` = '15119498976' LIMIT 1 [ RunTime:0.000168s ]
[2021-11-19T15:47:12+08:00][sql] SELECT `password` FROM `user` WHERE  `phone` = '15119498976' LIMIT 1 [ RunTime:0.000142s ]
[2021-11-19T15:47:12+08:00][sql] UPDATE `user`  SET `password` = 'E10ADC3949BA59ABBE56E057F20F883E'  WHERE  `phone` = '15119498976' [ RunTime:0.000822s ]
[2021-11-19T16:03:09+08:00][sql] CONNECT:[ UseTime:0.000775s ] mysql:host=127.0.0.1;port=3306;dbname=www_jinx_com;charset=utf8
[2021-11-19T16:03:09+08:00][sql] SHOW FULL COLUMNS FROM `user` [ RunTime:0.003947s ]
[2021-11-19T16:03:09+08:00][sql] SELECT * FROM `user` WHERE  `phone` = '15119498976' LIMIT 1 [ RunTime:0.000298s ]
[2021-11-19T16:03:09+08:00][sql] SELECT * FROM `user` WHERE  `email` = '15119498976' LIMIT 1 [ RunTime:0.000175s ]
[2021-11-19T16:03:09+08:00][sql] SELECT `password` FROM `user` WHERE  `phone` = '15119498976' LIMIT 1 [ RunTime:0.000144s ]
[2021-11-19T16:03:09+08:00][sql] UPDATE `user`  SET `password` = 'E10ADC3949BA59ABBE56E057F20F883R'  WHERE  `phone` = '15119498976' [ RunTime:0.000798s ]
[2021-11-19T16:05:58+08:00][sql] CONNECT:[ UseTime:0.000676s ] mysql:host=127.0.0.1;port=3306;dbname=www_jinx_com;charset=utf8
[2021-11-19T16:05:58+08:00][sql] SHOW FULL COLUMNS FROM `user` [ RunTime:0.003781s ]
[2021-11-19T16:05:58+08:00][sql] SELECT * FROM `user` WHERE  `phone` = '15119498976' LIMIT 1 [ RunTime:0.000254s ]
[2021-11-19T16:05:58+08:00][sql] SELECT * FROM `user` WHERE  `email` = '15119498976' LIMIT 1 [ RunTime:0.000223s ]
[2021-11-19T16:05:58+08:00][sql] SELECT `password` FROM `user` WHERE  `phone` = '15119498976' LIMIT 1 [ RunTime:0.000205s ]
[2021-11-19T16:05:58+08:00][sql] UPDATE `user`  SET `password` = 'E10ADC3949BA59ABBE56E057F20F883r'  WHERE  `id` = 1 [ RunTime:0.000225s ]
[2021-11-19T16:06:28+08:00][sql] CONNECT:[ UseTime:0.000507s ] mysql:host=127.0.0.1;port=3306;dbname=www_jinx_com;charset=utf8
[2021-11-19T16:06:28+08:00][sql] SHOW FULL COLUMNS FROM `user` [ RunTime:0.002019s ]
[2021-11-19T16:06:28+08:00][sql] SELECT * FROM `user` WHERE  `phone` = '15119498976' LIMIT 1 [ RunTime:0.000482s ]
[2021-11-19T16:06:28+08:00][sql] SELECT * FROM `user` WHERE  `email` = '15119498976' LIMIT 1 [ RunTime:0.000183s ]
[2021-11-19T16:06:28+08:00][sql] SELECT `password` FROM `user` WHERE  `phone` = '15119498976' LIMIT 1 [ RunTime:0.000160s ]
[2021-11-19T16:06:28+08:00][sql] UPDATE `user`  SET `password` = 'E10ADC3949BA59ABBE56E057F20F883r'  WHERE  `id` = 1 [ RunTime:0.000213s ]
[2021-11-19T16:07:14+08:00][sql] CONNECT:[ UseTime:0.000532s ] mysql:host=127.0.0.1;port=3306;dbname=www_jinx_com;charset=utf8
[2021-11-19T16:07:14+08:00][sql] SHOW FULL COLUMNS FROM `user` [ RunTime:0.000661s ]
[2021-11-19T16:07:14+08:00][sql] SELECT * FROM `user` WHERE  `phone` = '15119498976' LIMIT 1 [ RunTime:0.000200s ]
[2021-11-19T16:07:14+08:00][sql] SELECT * FROM `user` WHERE  `email` = '15119498976' LIMIT 1 [ RunTime:0.000164s ]
[2021-11-19T16:07:14+08:00][sql] SELECT `password` FROM `user` WHERE  `phone` = '15119498976' LIMIT 1 [ RunTime:0.000203s ]
[2021-11-19T16:07:14+08:00][error] [10500]缺少更新条件[D:\Web\www.jinx.com\vendor\topthink\think-orm\src\db\BaseQuery.php:1029]
[2021-11-19T16:08:10+08:00][sql] CONNECT:[ UseTime:0.000517s ] mysql:host=127.0.0.1;port=3306;dbname=www_jinx_com;charset=utf8
[2021-11-19T16:08:10+08:00][sql] SHOW FULL COLUMNS FROM `user` [ RunTime:0.000663s ]
[2021-11-19T16:08:10+08:00][sql] SELECT * FROM `user` WHERE  `phone` = '15119498976' LIMIT 1 [ RunTime:0.000214s ]
[2021-11-19T16:08:10+08:00][sql] SELECT * FROM `user` WHERE  `email` = '15119498976' LIMIT 1 [ RunTime:0.000167s ]
[2021-11-19T16:08:10+08:00][sql] SELECT `password` FROM `user` WHERE  `phone` = '15119498976' LIMIT 1 [ RunTime:0.000149s ]
[2021-11-19T16:08:10+08:00][error] [0]Argument 1 passed to think\Model::setAttr() must be of the type string, int given, called in D:\Web\www.jinx.com\vendor\topthink\think-orm\src\model\concern\Attribute.php on line 344[D:\Web\www.jinx.com\vendor\topthink\think-orm\src\model\concern\Attribute.php:356]
[2021-11-19T16:08:33+08:00][sql] CONNECT:[ UseTime:0.000533s ] mysql:host=127.0.0.1;port=3306;dbname=www_jinx_com;charset=utf8
[2021-11-19T16:08:33+08:00][sql] SHOW FULL COLUMNS FROM `user` [ RunTime:0.000631s ]
[2021-11-19T16:08:33+08:00][sql] SELECT * FROM `user` WHERE  `phone` = '15119498976' LIMIT 1 [ RunTime:0.000273s ]
[2021-11-19T16:08:33+08:00][sql] SELECT * FROM `user` WHERE  `email` = '15119498976' LIMIT 1 [ RunTime:0.000472s ]
[2021-11-19T16:08:33+08:00][sql] SELECT `password` FROM `user` WHERE  `phone` = '15119498976' LIMIT 1 [ RunTime:0.000853s ]
[2021-11-19T16:08:33+08:00][error] [0]Argument 1 passed to think\Model::setAttr() must be of the type string, int given, called in D:\Web\www.jinx.com\vendor\topthink\think-orm\src\model\concern\Attribute.php on line 344[D:\Web\www.jinx.com\vendor\topthink\think-orm\src\model\concern\Attribute.php:356]
