[2021-11-24T11:40:38+08:00][sql] CONNECT:[ UseTime:0.001862s ] mysql:host=127.0.0.1;port=3306;dbname=www_jinx_com;charset=utf8
[2021-11-24T11:40:38+08:00][sql] SHOW FULL COLUMNS FROM `user` [ RunTime:0.001401s ]
[2021-11-24T11:40:38+08:00][sql] SELECT * FROM `user` WHERE  `phone` = '932046899@qq.com' LIMIT 1 [ RunTime:0.000308s ]
[2021-11-24T11:40:38+08:00][sql] SELECT * FROM `user` WHERE  `email` = '932046899@qq.com' LIMIT 1 [ RunTime:0.000166s ]
[2021-11-24T11:40:38+08:00][error] [10501]SQLSTATE[42S22]: Column not found: 1054 Unknown column 'user_name' in 'field list'[D:\Web\www.jinx.com\vendor\topthink\think-orm\src\db\PDOConnection.php:796]
[2021-11-24T11:41:10+08:00][sql] CONNECT:[ UseTime:0.000849s ] mysql:host=127.0.0.1;port=3306;dbname=www_jinx_com;charset=utf8
[2021-11-24T11:41:10+08:00][sql] SHOW FULL COLUMNS FROM `user` [ RunTime:0.000754s ]
[2021-11-24T11:41:10+08:00][sql] SELECT * FROM `user` WHERE  `phone` = '932046899@qq.com' LIMIT 1 [ RunTime:0.000264s ]
[2021-11-24T11:41:10+08:00][sql] SELECT * FROM `user` WHERE  `email` = '932046899@qq.com' LIMIT 1 [ RunTime:0.000158s ]
[2021-11-24T11:41:10+08:00][error] [10501]SQLSTATE[42S22]: Column not found: 1054 Unknown column 'user_name' in 'field list'[D:\Web\www.jinx.com\vendor\topthink\think-orm\src\db\PDOConnection.php:796]
[2021-11-24T11:57:34+08:00][error] [0]syntax error, unexpected ':', expecting ')'[D:\Web\www.jinx.com\app\api\route\app.php:25]
[2021-11-24T14:39:42+08:00][error] [0]syntax error, unexpected ':', expecting ')'[D:\Web\www.jinx.com\app\api\route\app.php:25]
[2021-11-24T14:56:25+08:00][sql] CONNECT:[ UseTime:0.000546s ] mysql:host=127.0.0.1;port=3306;dbname=www_jinx_com;charset=utf8
[2021-11-24T14:56:25+08:00][sql] SHOW FULL COLUMNS FROM `user` [ RunTime:0.000963s ]
[2021-11-24T14:56:25+08:00][sql] SELECT * FROM `user` WHERE  `phone` = '932046899@qq.com' LIMIT 1 [ RunTime:0.000269s ]
[2021-11-24T14:56:25+08:00][sql] SELECT * FROM `user` WHERE  `email` = '932046899@qq.com' LIMIT 1 [ RunTime:0.000211s ]
[2021-11-24T14:56:25+08:00][sql] SELECT `id`,`nickname`,`phone`,`email`,`password`,`create_time` FROM `user` WHERE  `email` = '932046899@qq.com' LIMIT 1 [ RunTime:0.000170s ]
[2021-11-24T14:56:25+08:00][error] [0]Class 'app\api\controller\Jwttokn' not found[D:\Web\www.jinx.com\app\api\controller\User.php:79]
[2021-11-24T14:56:30+08:00][sql] CONNECT:[ UseTime:0.000488s ] mysql:host=127.0.0.1;port=3306;dbname=www_jinx_com;charset=utf8
[2021-11-24T14:56:30+08:00][sql] SHOW FULL COLUMNS FROM `user` [ RunTime:0.000598s ]
[2021-11-24T14:56:30+08:00][sql] SELECT * FROM `user` WHERE  `phone` = '932046899@qq.com' LIMIT 1 [ RunTime:0.000232s ]
[2021-11-24T14:56:30+08:00][sql] SELECT * FROM `user` WHERE  `email` = '932046899@qq.com' LIMIT 1 [ RunTime:0.000164s ]
[2021-11-24T14:56:30+08:00][sql] SELECT `id`,`nickname`,`phone`,`email`,`password`,`create_time` FROM `user` WHERE  `email` = '932046899@qq.com' LIMIT 1 [ RunTime:0.000272s ]
[2021-11-24T14:56:30+08:00][error] [8192]Non-static method app\common\lib\Jwttoken::createJwt() should not be called statically[D:\Web\www.jinx.com\app\api\controller\User.php:79]
[2021-11-24T15:35:38+08:00][error] [0]Class '\app\common\validate\' not found[D:\Web\www.jinx.com\app\api\middleware\CheckParams.php:19]
[2021-11-24T15:36:34+08:00][error] [0]Argument 1 passed to app\api\controller\Base::check_username() must be of the type string, null given, called in D:\Web\www.jinx.com\app\api\controller\User.php on line 57[D:\Web\www.jinx.com\app\api\controller\Base.php:104]
[2021-11-24T15:37:09+08:00][error] [0]Class '\app\common\validate\' not found[D:\Web\www.jinx.com\app\api\middleware\CheckParams.php:19]
[2021-11-24T15:37:26+08:00][error] [0]Class '\app\common\validate\' not found[D:\Web\www.jinx.com\app\api\middleware\CheckParams.php:20]
[2021-11-24T15:38:05+08:00][error] [0]Call to undefined method app\api\middleware\CheckParams::create()[D:\Web\www.jinx.com\app\api\middleware\CheckParams.php:18]
[2021-11-24T15:46:52+08:00][error] [0]Argument 1 passed to app\api\controller\Base::check_username() must be of the type string, null given, called in D:\Web\www.jinx.com\app\api\controller\User.php on line 57[D:\Web\www.jinx.com\app\api\controller\Base.php:103]
[2021-11-24T15:48:33+08:00][error] [0]Argument 1 passed to app\api\controller\Base::check_username() must be of the type string, null given, called in D:\Web\www.jinx.com\app\api\controller\User.php on line 57[D:\Web\www.jinx.com\app\api\controller\Base.php:103]
[2021-11-24T15:48:55+08:00][error] [0]Argument 1 passed to app\api\controller\Base::check_username() must be of the type string, null given, called in D:\Web\www.jinx.com\app\api\controller\User.php on line 57[D:\Web\www.jinx.com\app\api\controller\Base.php:103]
[2021-11-24T16:33:47+08:00][error] [0]Argument 1 passed to app\api\controller\Base::check_username() must be of the type string, null given, called in D:\Web\www.jinx.com\app\api\controller\User.php on line 57[D:\Web\www.jinx.com\app\api\controller\Base.php:100]
[2021-11-24T16:47:04+08:00][sql] CONNECT:[ UseTime:0.000533s ] mysql:host=127.0.0.1;port=3306;dbname=www_jinx_com;charset=utf8
[2021-11-24T16:47:04+08:00][sql] SHOW FULL COLUMNS FROM `user` [ RunTime:0.000731s ]
[2021-11-24T16:47:04+08:00][sql] SELECT * FROM `user` WHERE  `phone` = '932046899@qq.com' LIMIT 1 [ RunTime:0.000385s ]
[2021-11-24T16:47:04+08:00][sql] SELECT * FROM `user` WHERE  `email` = '932046899@qq.com' LIMIT 1 [ RunTime:0.000773s ]
[2021-11-24T16:47:04+08:00][sql] SELECT * FROM `user` WHERE  ( `email` = '932046899@qq.com' OR `phone` = '932046899@qq.com' )  AND `password` = 'e10adc3949ba59abbe56e057f20f883e' LIMIT 1 [ RunTime:0.000384s ]
[2021-11-24T16:47:26+08:00][sql] CONNECT:[ UseTime:0.000655s ] mysql:host=127.0.0.1;port=3306;dbname=www_jinx_com;charset=utf8
[2021-11-24T16:47:26+08:00][sql] SHOW FULL COLUMNS FROM `user` [ RunTime:0.001972s ]
[2021-11-24T16:47:26+08:00][sql] SELECT * FROM `user` WHERE  `phone` = '932046899@qq.com' LIMIT 1 [ RunTime:0.000586s ]
[2021-11-24T16:47:26+08:00][sql] SELECT * FROM `user` WHERE  `email` = '932046899@qq.com' LIMIT 1 [ RunTime:0.000292s ]
[2021-11-24T16:47:26+08:00][sql] SELECT * FROM `user` WHERE  ( `email` = '932046899@qq.com' OR `phone` = '932046899@qq.com' )  AND `password` = 'e10adc3949ba59abbe56e057f20f883e' LIMIT 1 [ RunTime:0.000213s ]
