[2021-11-27T15:05:37+08:00][sql] CONNECT:[ UseTime:0.001911s ] mysql:host=127.0.0.1;port=3306;dbname=www_jinx_com;charset=utf8
[2021-11-27T15:05:37+08:00][sql] SHOW FULL COLUMNS FROM `user` [ RunTime:0.001346s ]
[2021-11-27T15:05:37+08:00][sql] SELECT * FROM `user` WHERE  `email` = '932046899@qq.com' LIMIT 1 [ RunTime:0.001146s ]
[2021-11-27T15:05:37+08:00][sql] SELECT * FROM `user` WHERE  ( `email` = '932046899@qq.com' OR `phone` = '932046899@qq.com' )  AND `password` = 'e10adc3949ba59abbe56e057f20f883e' LIMIT 1 [ RunTime:0.000576s ]
[2021-11-27T15:05:37+08:00][error] [8]未定义数组索引: username[D:\Web\www.jinx.com\app\common\lib\Jwttoken.php:16]
[2021-11-27T15:07:41+08:00][sql] CONNECT:[ UseTime:0.000482s ] mysql:host=127.0.0.1;port=3306;dbname=www_jinx_com;charset=utf8
[2021-11-27T15:07:41+08:00][sql] SHOW FULL COLUMNS FROM `user` [ RunTime:0.001324s ]
[2021-11-27T15:07:41+08:00][sql] SELECT * FROM `user` WHERE  `email` = '932046899@qq.com' LIMIT 1 [ RunTime:0.000469s ]
[2021-11-27T15:07:41+08:00][sql] SELECT * FROM `user` WHERE  ( `email` = '932046899@qq.com' OR `phone` = '932046899@qq.com' )  AND `password` = 'e10adc3949ba59abbe56e057f20f883e' LIMIT 1 [ RunTime:0.000291s ]
[2021-11-27T15:07:41+08:00][error] [8]未定义数组索引: id[D:\Web\www.jinx.com\app\common\lib\Jwttoken.php:40]
[2021-11-27T15:09:33+08:00][sql] CONNECT:[ UseTime:0.000609s ] mysql:host=127.0.0.1;port=3306;dbname=www_jinx_com;charset=utf8
[2021-11-27T15:09:33+08:00][sql] SHOW FULL COLUMNS FROM `user` [ RunTime:0.000679s ]
[2021-11-27T15:09:33+08:00][sql] SELECT * FROM `user` WHERE  `email` = '932046899@qq.com' LIMIT 1 [ RunTime:0.000232s ]
[2021-11-27T15:09:33+08:00][sql] SELECT * FROM `user` WHERE  ( `email` = '932046899@qq.com' OR `phone` = '932046899@qq.com' )  AND `password` = 'e10adc3949ba59abbe56e057f20f883e' LIMIT 1 [ RunTime:0.001423s ]
[2021-11-27T15:09:33+08:00][error] [0]Wrong number of segments[D:\Web\www.jinx.com\vendor\firebase\php-jwt\src\JWT.php:92]
[2021-11-27T15:50:57+08:00][error] [2]openssl_pkey_export(): cannot get key from parameter 1[D:\Web\www.jinx.com\app\api\controller\Index.php:29]
[2021-11-27T15:52:50+08:00][error] [2]openssl_pkey_export(): cannot get key from parameter 1[D:\Web\www.jinx.com\app\api\controller\Index.php:29]
[2021-11-27T15:55:45+08:00][error] [2]openssl_pkey_export(): cannot get key from parameter 1[D:\Web\www.jinx.com\app\api\controller\Index.php:29]
[2021-11-27T15:56:58+08:00][error] [2]openssl_pkey_export(): cannot get key from parameter 1[D:\Web\www.jinx.com\app\api\controller\Index.php:29]
[2021-11-27T16:00:40+08:00][error] [8]未定义变量: user[D:\Web\www.jinx.com\app\api\controller\Index.php:41]
[2021-11-27T16:02:13+08:00][error] [8]未定义变量: user[D:\Web\www.jinx.com\app\api\controller\Index.php:41]
[2021-11-27T16:02:57+08:00][error] [8]未定义变量: user[D:\Web\www.jinx.com\app\api\controller\Index.php:41]
[2021-11-27T16:05:07+08:00][error] [8]未定义变量: user[D:\Web\www.jinx.com\app\api\controller\Index.php:42]
[2021-11-27T16:05:08+08:00][error] [8]未定义变量: user[D:\Web\www.jinx.com\app\api\controller\Index.php:42]
[2021-11-27T16:05:10+08:00][error] [8]未定义变量: user[D:\Web\www.jinx.com\app\api\controller\Index.php:42]
[2021-11-27T16:05:11+08:00][error] [8]未定义变量: user[D:\Web\www.jinx.com\app\api\controller\Index.php:42]
[2021-11-27T16:06:36+08:00][error] [8]未定义变量: user[D:\Web\www.jinx.com\app\api\controller\Index.php:42]
[2021-11-27T16:10:19+08:00][error] [0]Class 'phpseclib\Crypt\RSA' not found[D:\Web\www.jinx.com\app\api\controller\Index.php:22]
[2021-11-27T16:11:28+08:00][error] [0]Class 'RSA' not found[D:\Web\www.jinx.com\app\api\controller\Index.php:21]
[2021-11-27T16:27:46+08:00][error] [0]Class 'phpseclib\Crypt\RSA' not found[D:\Web\www.jinx.com\app\api\controller\Index.php:22]
[2021-11-27T16:27:48+08:00][error] [0]Class 'phpseclib\Crypt\RSA' not found[D:\Web\www.jinx.com\app\api\controller\Index.php:22]
[2021-11-27T16:28:48+08:00][error] [0]Cannot instantiate abstract class phpseclib3\Crypt\RSA[D:\Web\www.jinx.com\app\api\controller\Index.php:22]
[2021-11-27T16:31:57+08:00][error] [0]Cannot instantiate abstract class phpseclib3\Crypt\RSA[D:\Web\www.jinx.com\app\api\controller\Index.php:22]
[2021-11-27T16:31:58+08:00][error] [0]Cannot instantiate abstract class phpseclib3\Crypt\RSA[D:\Web\www.jinx.com\app\api\controller\Index.php:22]
[2021-11-27T16:31:58+08:00][error] [0]Cannot instantiate abstract class phpseclib3\Crypt\RSA[D:\Web\www.jinx.com\app\api\controller\Index.php:22]
[2021-11-27T16:31:58+08:00][error] [0]Cannot instantiate abstract class phpseclib3\Crypt\RSA[D:\Web\www.jinx.com\app\api\controller\Index.php:22]
[2021-11-27T16:31:58+08:00][error] [0]Cannot instantiate abstract class phpseclib3\Crypt\RSA[D:\Web\www.jinx.com\app\api\controller\Index.php:22]
[2021-11-27T16:32:51+08:00][error] [0]Cannot instantiate abstract class phpseclib3\Crypt\RSA[D:\Web\www.jinx.com\app\api\controller\Index.php:22]
[2021-11-27T16:32:52+08:00][error] [0]Cannot instantiate abstract class phpseclib3\Crypt\RSA[D:\Web\www.jinx.com\app\api\controller\Index.php:22]
[2021-11-27T16:33:06+08:00][error] [0]Class 'phpseclib3\RSA' not found[D:\Web\www.jinx.com\app\api\controller\Index.php:22]
[2021-11-27T16:33:06+08:00][error] [0]Class 'phpseclib3\RSA' not found[D:\Web\www.jinx.com\app\api\controller\Index.php:22]
[2021-11-27T16:33:06+08:00][error] [0]Class 'phpseclib3\RSA' not found[D:\Web\www.jinx.com\app\api\controller\Index.php:22]
[2021-11-27T16:33:07+08:00][error] [0]Class 'phpseclib3\RSA' not found[D:\Web\www.jinx.com\app\api\controller\Index.php:22]
[2021-11-27T16:33:07+08:00][error] [0]Class 'phpseclib3\RSA' not found[D:\Web\www.jinx.com\app\api\controller\Index.php:22]
[2021-11-27T16:33:07+08:00][error] [0]Class 'phpseclib3\RSA' not found[D:\Web\www.jinx.com\app\api\controller\Index.php:22]
[2021-11-27T16:33:07+08:00][error] [0]Class 'phpseclib3\RSA' not found[D:\Web\www.jinx.com\app\api\controller\Index.php:22]
[2021-11-27T16:33:08+08:00][error] [0]Class 'phpseclib3\RSA' not found[D:\Web\www.jinx.com\app\api\controller\Index.php:22]
[2021-11-27T16:33:10+08:00][error] [0]Cannot instantiate abstract class phpseclib3\Crypt\RSA[D:\Web\www.jinx.com\app\api\controller\Index.php:22]
[2021-11-27T16:33:11+08:00][error] [0]Cannot instantiate abstract class phpseclib3\Crypt\RSA[D:\Web\www.jinx.com\app\api\controller\Index.php:22]
[2021-11-27T16:33:11+08:00][error] [0]Cannot instantiate abstract class phpseclib3\Crypt\RSA[D:\Web\www.jinx.com\app\api\controller\Index.php:22]
[2021-11-27T16:33:11+08:00][error] [0]Cannot instantiate abstract class phpseclib3\Crypt\RSA[D:\Web\www.jinx.com\app\api\controller\Index.php:22]
[2021-11-27T16:33:16+08:00][error] [0]Class 'phpseclib\Crypt\RSA' not found[D:\Web\www.jinx.com\app\api\controller\Index.php:22]
[2021-11-27T16:33:19+08:00][error] [0]Class 'phpseclib\Crypt\RSA' not found[D:\Web\www.jinx.com\app\api\controller\Index.php:22]
[2021-11-27T16:33:19+08:00][error] [0]Class 'phpseclib\Crypt\RSA' not found[D:\Web\www.jinx.com\app\api\controller\Index.php:22]
[2021-11-27T16:33:19+08:00][error] [0]Class 'phpseclib\Crypt\RSA' not found[D:\Web\www.jinx.com\app\api\controller\Index.php:22]
[2021-11-27T16:33:19+08:00][error] [0]Class 'phpseclib\Crypt\RSA' not found[D:\Web\www.jinx.com\app\api\controller\Index.php:22]
[2021-11-27T16:33:19+08:00][error] [0]Class 'phpseclib\Crypt\RSA' not found[D:\Web\www.jinx.com\app\api\controller\Index.php:22]
[2021-11-27T16:33:23+08:00][error] [0]Cannot instantiate abstract class phpseclib3\Crypt\RSA[D:\Web\www.jinx.com\app\api\controller\Index.php:22]
[2021-11-27T16:37:20+08:00][error] [2]extract() expects parameter 1 to be array, object given[D:\Web\www.jinx.com\app\api\controller\Index.php:24]
[2021-11-27T16:45:21+08:00][error] [2]extract() expects parameter 1 to be array, object given[D:\Web\www.jinx.com\app\api\controller\Index.php:24]
[2021-11-27T16:45:22+08:00][error] [2]extract() expects parameter 1 to be array, object given[D:\Web\www.jinx.com\app\api\controller\Index.php:24]
[2021-11-27T16:45:22+08:00][error] [2]extract() expects parameter 1 to be array, object given[D:\Web\www.jinx.com\app\api\controller\Index.php:24]
[2021-11-27T16:45:30+08:00][error] [0]Class 'phpseclib\Crypt\RSA' not found[D:\Web\www.jinx.com\app\api\controller\Index.php:22]
[2021-11-27T16:45:31+08:00][error] [0]Class 'phpseclib\Crypt\RSA' not found[D:\Web\www.jinx.com\app\api\controller\Index.php:22]
[2021-11-27T16:53:29+08:00][error] [8]未定义变量: user[D:\Web\www.jinx.com\app\api\controller\Index.php:27]
[2021-11-27T16:57:19+08:00][error] [8]未定义变量: user[D:\Web\www.jinx.com\app\api\controller\Index.php:27]
[2021-11-27T17:24:06+08:00][error] [0]Class 'app\api\controller\JWT' not found[D:\Web\www.jinx.com\app\api\controller\Index.php:62]
[2021-11-27T17:24:46+08:00][error] [8]Array to string conversion[D:\Web\www.jinx.com\app\api\controller\Index.php:64]
[2021-11-27T17:25:00+08:00][error] [8]Array to string conversion[D:\Web\www.jinx.com\app\api\controller\Index.php:64]
[2021-11-27T17:25:01+08:00][error] [8]Array to string conversion[D:\Web\www.jinx.com\app\api\controller\Index.php:64]
[2021-11-27T17:25:36+08:00][error] [8]Array to string conversion[D:\Web\www.jinx.com\app\api\controller\Index.php:69]
[2021-11-27T17:28:01+08:00][error] [2]openssl_sign(): supplied key param cannot be coerced into a private key[D:\Web\www.jinx.com\vendor\firebase\php-jwt\src\JWT.php:225]
[2021-11-27T17:31:32+08:00][error] [0]Argument 1 passed to app\common\lib\Jwttoken::verifyJwt() must be of the type string, array given, called in D:\Web\www.jinx.com\app\api\controller\Index.php on line 68[D:\Web\www.jinx.com\app\common\lib\Jwttoken.php:29]
[2021-11-27T17:32:52+08:00][error] [0]Algorithm not allowed[D:\Web\www.jinx.com\vendor\firebase\php-jwt\src\JWT.php:121]
[2021-11-27T17:32:53+08:00][error] [0]Algorithm not allowed[D:\Web\www.jinx.com\vendor\firebase\php-jwt\src\JWT.php:121]
[2021-11-27T17:39:00+08:00][error] [2]json_decode() expects parameter 1 to be string, object given[D:\Web\www.jinx.com\app\api\controller\Index.php:40]
[2021-11-27T17:39:13+08:00][error] [2]json_decode() expects parameter 1 to be string, object given[D:\Web\www.jinx.com\app\api\controller\Index.php:40]
[2021-11-27T17:39:13+08:00][error] [2]json_decode() expects parameter 1 to be string, object given[D:\Web\www.jinx.com\app\api\controller\Index.php:40]
[2021-11-27T17:39:41+08:00][error] [2]json_decode() expects parameter 1 to be string, object given[D:\Web\www.jinx.com\app\api\controller\Index.php:40]
[2021-11-27T17:39:41+08:00][error] [2]json_decode() expects parameter 1 to be string, object given[D:\Web\www.jinx.com\app\api\controller\Index.php:40]
