[2021-11-30T09:55:00+08:00][error] [8]未定义变量: rsa[D:\Web\www.jinx.com\app\api\controller\Index.php:30]
[2021-11-30T09:55:00+08:00][error] [0]Malformed UTF-8 characters, possibly incorrectly encoded[D:\Web\www.jinx.com\vendor\topthink\framework\src\think\response\Json.php:50]
[2021-11-30T09:55:36+08:00][error] [8]未定义变量: rsa[D:\Web\www.jinx.com\app\api\controller\Index.php:30]
[2021-11-30T09:56:10+08:00][error] [1024]Decryption error[D:\Web\www.jinx.com\vendor\phpseclib\phpseclib\phpseclib\Crypt\RSA.php:2586]
[2021-11-30T09:56:10+08:00][error] [0]Malformed UTF-8 characters, possibly incorrectly encoded[D:\Web\www.jinx.com\vendor\topthink\framework\src\think\response\Json.php:50]
[2021-11-30T10:08:14+08:00][error] [1024]Decryption error[D:\Web\www.jinx.com\vendor\phpseclib\phpseclib\phpseclib\Crypt\RSA.php:2586]
[2021-11-30T10:08:14+08:00][error] [0]Malformed UTF-8 characters, possibly incorrectly encoded[D:\Web\www.jinx.com\vendor\topthink\framework\src\think\response\Json.php:50]
[2021-11-30T10:10:39+08:00][error] [1024]Decryption error[D:\Web\www.jinx.com\vendor\phpseclib\phpseclib\phpseclib\Crypt\RSA.php:2586]
[2021-11-30T10:10:39+08:00][error] [0]Malformed UTF-8 characters, possibly incorrectly encoded[D:\Web\www.jinx.com\vendor\topthink\framework\src\think\response\Json.php:50]
[2021-11-30T10:13:45+08:00][error] [1024]Decryption error[D:\Web\www.jinx.com\vendor\phpseclib\phpseclib\phpseclib\Crypt\RSA.php:2586]
[2021-11-30T10:13:45+08:00][error] [0]Malformed UTF-8 characters, possibly incorrectly encoded[D:\Web\www.jinx.com\vendor\topthink\framework\src\think\response\Json.php:50]
[2021-11-30T10:14:56+08:00][error] [0]Malformed UTF-8 characters, possibly incorrectly encoded[D:\Web\www.jinx.com\vendor\topthink\framework\src\think\response\Json.php:50]
[2021-11-30T10:15:06+08:00][error] [0]Malformed UTF-8 characters, possibly incorrectly encoded[D:\Web\www.jinx.com\vendor\topthink\framework\src\think\response\Json.php:50]
[2021-11-30T10:15:53+08:00][error] [1024]Decryption error[D:\Web\www.jinx.com\vendor\phpseclib\phpseclib\phpseclib\Crypt\RSA.php:2586]
[2021-11-30T10:15:53+08:00][error] [0]Malformed UTF-8 characters, possibly incorrectly encoded[D:\Web\www.jinx.com\vendor\topthink\framework\src\think\response\Json.php:50]
[2021-11-30T10:20:39+08:00][error] [1024]Decryption error[D:\Web\www.jinx.com\vendor\phpseclib\phpseclib\phpseclib\Crypt\RSA.php:2586]
[2021-11-30T10:20:39+08:00][error] [0]Malformed UTF-8 characters, possibly incorrectly encoded[D:\Web\www.jinx.com\vendor\topthink\framework\src\think\response\Json.php:50]
[2021-11-30T10:23:28+08:00][error] [1024]Decryption error[D:\Web\www.jinx.com\vendor\phpseclib\phpseclib\phpseclib\Crypt\RSA.php:2586]
[2021-11-30T10:23:28+08:00][error] [0]Malformed UTF-8 characters, possibly incorrectly encoded[D:\Web\www.jinx.com\vendor\topthink\framework\src\think\response\Json.php:50]
[2021-11-30T10:23:57+08:00][error] [0]Call to undefined function app\api\controller\mb_convert_decoding()[D:\Web\www.jinx.com\app\api\controller\Index.php:30]
[2021-11-30T10:24:20+08:00][error] [1024]Decryption error[D:\Web\www.jinx.com\vendor\phpseclib\phpseclib\phpseclib\Crypt\RSA.php:2586]
[2021-11-30T10:24:20+08:00][error] [0]Malformed UTF-8 characters, possibly incorrectly encoded[D:\Web\www.jinx.com\vendor\topthink\framework\src\think\response\Json.php:50]
[2021-11-30T10:30:30+08:00][error] [1024]Decryption error[D:\Web\www.jinx.com\vendor\phpseclib\phpseclib\phpseclib\Crypt\RSA.php:2586]
[2021-11-30T10:30:30+08:00][error] [0]Malformed UTF-8 characters, possibly incorrectly encoded[D:\Web\www.jinx.com\vendor\topthink\framework\src\think\response\Json.php:50]
[2021-11-30T10:36:02+08:00][error] [1024]Decryption error[D:\Web\www.jinx.com\vendor\phpseclib\phpseclib\phpseclib\Crypt\RSA.php:2586]
[2021-11-30T10:36:02+08:00][error] [0]Malformed UTF-8 characters, possibly incorrectly encoded[D:\Web\www.jinx.com\vendor\topthink\framework\src\think\response\Json.php:50]
[2021-11-30T10:36:46+08:00][error] [1024]Decryption error[D:\Web\www.jinx.com\vendor\phpseclib\phpseclib\phpseclib\Crypt\RSA.php:2586]
[2021-11-30T10:36:46+08:00][error] [0]Malformed UTF-8 characters, possibly incorrectly encoded[D:\Web\www.jinx.com\vendor\topthink\framework\src\think\response\Json.php:50]
[2021-11-30T11:05:12+08:00][error] [8]未定义变量: value[D:\Web\www.jinx.com\app\api\controller\Index.php:45]
[2021-11-30T11:08:11+08:00][error] [0]Malformed UTF-8 characters, possibly incorrectly encoded[D:\Web\www.jinx.com\vendor\topthink\framework\src\think\response\Json.php:50]
[2021-11-30T11:08:46+08:00][error] [0]Malformed UTF-8 characters, possibly incorrectly encoded[D:\Web\www.jinx.com\vendor\topthink\framework\src\think\response\Json.php:50]
[2021-11-30T11:09:16+08:00][error] [0]Malformed UTF-8 characters, possibly incorrectly encoded[D:\Web\www.jinx.com\vendor\topthink\framework\src\think\response\Json.php:50]
[2021-11-30T11:16:19+08:00][error] [8]未定义变量: string[D:\Web\www.jinx.com\app\api\controller\Index.php:47]
[2021-11-30T11:16:20+08:00][error] [8]未定义变量: string[D:\Web\www.jinx.com\app\api\controller\Index.php:47]
[2021-11-30T11:33:17+08:00][error] [1024]Decryption error[D:\Web\www.jinx.com\vendor\phpseclib\phpseclib\phpseclib\Crypt\RSA.php:2586]
[2021-11-30T11:33:17+08:00][error] [0]Malformed UTF-8 characters, possibly incorrectly encoded[D:\Web\www.jinx.com\vendor\topthink\framework\src\think\response\Json.php:50]
[2021-11-30T11:33:28+08:00][error] [1024]Decryption error[D:\Web\www.jinx.com\vendor\phpseclib\phpseclib\phpseclib\Crypt\RSA.php:2586]
[2021-11-30T11:33:28+08:00][error] [0]Malformed UTF-8 characters, possibly incorrectly encoded[D:\Web\www.jinx.com\vendor\topthink\framework\src\think\response\Json.php:50]
[2021-11-30T11:36:42+08:00][error] [1024]Decryption error[D:\Web\www.jinx.com\vendor\phpseclib\phpseclib\phpseclib\Crypt\RSA.php:2586]
[2021-11-30T11:36:42+08:00][error] [0]Malformed UTF-8 characters, possibly incorrectly encoded[D:\Web\www.jinx.com\vendor\topthink\framework\src\think\response\Json.php:50]
[2021-11-30T14:13:10+08:00][error] [1024]Decryption error[D:\Web\www.jinx.com\vendor\phpseclib\phpseclib\phpseclib\Crypt\RSA.php:2702]
[2021-11-30T14:13:10+08:00][error] [0]Malformed UTF-8 characters, possibly incorrectly encoded[D:\Web\www.jinx.com\vendor\topthink\framework\src\think\response\Json.php:50]
[2021-11-30T14:30:23+08:00][error] [1024]Decryption error[D:\Web\www.jinx.com\vendor\phpseclib\phpseclib\phpseclib\Crypt\RSA.php:2702]
[2021-11-30T14:30:23+08:00][error] [0]Malformed UTF-8 characters, possibly incorrectly encoded[D:\Web\www.jinx.com\vendor\topthink\framework\src\think\response\Json.php:50]
[2021-11-30T14:32:02+08:00][error] [1024]Decryption error[D:\Web\www.jinx.com\vendor\phpseclib\phpseclib\phpseclib\Crypt\RSA.php:2702]
[2021-11-30T14:32:02+08:00][error] [0]Malformed UTF-8 characters, possibly incorrectly encoded[D:\Web\www.jinx.com\vendor\topthink\framework\src\think\response\Json.php:50]
[2021-11-30T14:57:23+08:00][error] [0]Undefined class constant 'ENCRYPTION_PKCS'[D:\Web\www.jinx.com\app\api\controller\Index.php:71]
[2021-11-30T14:58:57+08:00][error] [8]未定义变量: akali[D:\Web\www.jinx.com\app\api\controller\Index.php:46]
[2021-11-30T15:00:57+08:00][error] [8]未定义变量: akali2[D:\Web\www.jinx.com\app\api\controller\Index.php:48]
[2021-11-30T15:00:57+08:00][error] [0]Malformed UTF-8 characters, possibly incorrectly encoded[D:\Web\www.jinx.com\vendor\topthink\framework\src\think\response\Json.php:50]
[2021-11-30T15:53:28+08:00][error] [1024]Decryption error[D:\Web\www.jinx.com\vendor\phpseclib\phpseclib\phpseclib\Crypt\RSA.php:2586]
[2021-11-30T15:53:28+08:00][error] [0]Malformed UTF-8 characters, possibly incorrectly encoded[D:\Web\www.jinx.com\vendor\topthink\framework\src\think\response\Json.php:50]
[2021-11-30T15:55:34+08:00][error] [1024]Decryption error[D:\Web\www.jinx.com\vendor\phpseclib\phpseclib\phpseclib\Crypt\RSA.php:2586]
[2021-11-30T15:55:34+08:00][error] [0]Malformed UTF-8 characters, possibly incorrectly encoded[D:\Web\www.jinx.com\vendor\topthink\framework\src\think\response\Json.php:50]
[2021-11-30T15:57:21+08:00][error] [1024]Decryption error[D:\Web\www.jinx.com\vendor\phpseclib\phpseclib\phpseclib\Crypt\RSA.php:2586]
[2021-11-30T15:57:21+08:00][error] [0]Malformed UTF-8 characters, possibly incorrectly encoded[D:\Web\www.jinx.com\vendor\topthink\framework\src\think\response\Json.php:50]
[2021-11-30T16:04:23+08:00][error] [8]未定义变量: pass[D:\Web\www.jinx.com\app\api\controller\Index.php:30]
[2021-11-30T16:58:54+08:00][error] [0]Call to private method app\common\lib\RSAS::_getPrivateKey() from context 'app\api\controller\Index'[D:\Web\www.jinx.com\app\api\controller\Index.php:30]
[2021-11-30T16:59:10+08:00][error] [0]Call to private method app\common\lib\RSAS::_getPrivateKey() from context 'app\api\controller\Index'[D:\Web\www.jinx.com\app\api\controller\Index.php:30]
[2021-11-30T17:06:32+08:00][error] [2]openssl_private_decrypt(): key parameter is not a valid private key[D:\Web\www.jinx.com\app\api\controller\Index.php:34]
[2021-11-30T17:06:32+08:00][error] [0]Malformed UTF-8 characters, possibly incorrectly encoded[D:\Web\www.jinx.com\vendor\topthink\framework\src\think\response\Json.php:50]
[2021-11-30T17:07:35+08:00][error] [0]Call to private method app\common\lib\RSAS::_getPrivateKey() from context 'app\api\controller\Index'[D:\Web\www.jinx.com\app\api\controller\Index.php:30]
[2021-11-30T17:14:29+08:00][error] [0]Call to protected method app\common\lib\RSAS::_getPrivateKey() from context 'app\api\controller\Index'[D:\Web\www.jinx.com\app\api\controller\Index.php:30]
[2021-11-30T17:14:49+08:00][error] [0]Call to undefined function app\common\lib\openssl_pkey_get_privatekey()[D:\Web\www.jinx.com\app\common\lib\RSAS.php:207]
[2021-11-30T17:45:57+08:00][error] [0]Class 'phpseclib\Crypt\RSA' not found[D:\Web\www.jinx.com\app\api\controller\Index.php:68]
[2021-11-30T17:48:47+08:00][error] [0]Class 'phpseclib\Crypt\RSA' not found[D:\Web\www.jinx.com\app\api\controller\Index.php:68]
[2021-11-30T17:56:22+08:00][error] [2]openssl_sign() expects parameter 1 to be string, array given[D:\Web\www.jinx.com\app\common\lib\SSL.php:57]
[2021-11-30T17:56:22+08:00][error] [0]Type is not supported[D:\Web\www.jinx.com\vendor\topthink\framework\src\think\response\Json.php:50]
[2021-11-30T18:06:25+08:00][error] [0]Call to undefined method app\common\lib\SSL::varify()[D:\Web\www.jinx.com\app\api\controller\Index.php:31]
[2021-11-30T18:24:46+08:00][error] [0]语法错误: unexpected 'openssl_sign' (T_STRING)[D:\Web\www.jinx.com\app\api\controller\Index.php:33]
[2021-11-30T18:24:57+08:00][error] [0]语法错误: unexpected '$r' (T_VARIABLE)[D:\Web\www.jinx.com\app\api\controller\Index.php:38]
[2021-11-30T18:25:07+08:00][error] [2]openssl_sign(): supplied key param cannot be coerced into a private key[D:\Web\www.jinx.com\app\api\controller\Index.php:33]
[2021-11-30T18:31:32+08:00][error] [8]未定义变量: signature[D:\Web\www.jinx.com\app\api\controller\Index.php:39]
[2021-11-30T18:31:32+08:00][error] [0]Type is not supported[D:\Web\www.jinx.com\vendor\topthink\framework\src\think\response\Json.php:50]
[2021-11-30T18:57:19+08:00][error] [8]未定义变量: rsas[D:\Web\www.jinx.com\app\api\controller\Index.php:53]
